[I 180310 00:35:30 LevelDBBlockchain:489] Could not get sys fee: 'NoneType' object is not subscriptable 
[I 180310 00:35:30 NotificationDB:76] Created Notification DB At /root/neo-python/Chains/Main_Notif 
[I 180310 00:35:30 api-server:59] [MainNet] Block 0 / 0
[I 180310 00:35:30 api-server:132] Starting json-rpc api server on http://0.0.0.0:10332
[I 180310 00:35:30 api-server:138] Starting notification api server on http://0.0.0.0:9090
[I 180310 00:35:45 api-server:59] [MainNet] Block 299 / 26000
[I 180310 00:36:00 api-server:59] [MainNet] Block 4268 / 52000
[I 180310 00:36:25 NotificationDB:76] Created Notification DB At /root/neo-python/Chains/Priv_Notif 
[I 180310 00:36:25 api-server:59] [PrivateNet] Block 3589 / 3590
[I 180310 00:36:25 api-server:132] Starting json-rpc api server on http://0.0.0.0:10332
[I 180310 00:36:25 api-server:138] Starting notification api server on http://0.0.0.0:9090
[I 180310 00:36:40 api-server:59] [PrivateNet] Block 3589 / 3626
[I 180310 00:39:22 LevelDBBlockchain:109] leveldb unavailable, you may already be running this process: b'IO error: lock /root/neo-python/./Chains/privnet/LOCK: Resource temporarily unavailable' 
[I 180310 00:41:21 NotificationDB:76] Created Notification DB At /root/neo-python/Chains/Priv_Notif 
[I 180310 00:41:21 api-server:59] [PrivateNet] Block 3589 / 1999
[I 180310 00:41:21 api-server:132] Starting json-rpc api server on http://0.0.0.0:10332
[I 180310 00:41:21 api-server:138] Starting notification api server on http://0.0.0.0:9090
[I 180310 00:41:36 api-server:59] [PrivateNet] Block 3589 / 3639
[I 180310 00:41:51 api-server:59] [PrivateNet] Block 3638 / 3639
[I 180310 00:42:06 api-server:59] [PrivateNet] Block 3639 / 3640
[I 180310 00:42:21 api-server:59] [PrivateNet] Block 3640 / 3641
[I 180310 00:42:36 api-server:59] [PrivateNet] Block 3640 / 3641
[I 180310 00:42:51 api-server:59] [PrivateNet] Block 3640 / 3641
[I 180310 00:43:06 api-server:59] [PrivateNet] Block 3641 / 3642
[I 180310 00:43:21 api-server:59] [PrivateNet] Block 3642 / 3643
[I 180310 00:43:36 api-server:59] [PrivateNet] Block 3643 / 3644
[I 180310 00:43:51 api-server:59] [PrivateNet] Block 3643 / 3645
[I 180310 00:44:06 api-server:59] [PrivateNet] Block 3644 / 3645
[I 180310 00:44:21 api-server:59] [PrivateNet] Block 3644 / 3645
[I 180310 00:44:36 api-server:59] [PrivateNet] Block 3645 / 3646
[I 180310 00:44:51 api-server:59] [PrivateNet] Block 3645 / 3647
[I 180310 00:45:06 api-server:59] [PrivateNet] Block 3647 / 3648
[I 180310 00:45:21 api-server:59] [PrivateNet] Block 3647 / 3648
[I 180310 00:45:36 api-server:59] [PrivateNet] Block 3648 / 3649
[I 180310 00:45:51 api-server:59] [PrivateNet] Block 3648 / 3649
[I 180310 00:46:06 api-server:59] [PrivateNet] Block 3649 / 3650
[I 180310 00:46:21 api-server:59] [PrivateNet] Block 3649 / 3651
[I 180310 00:46:36 api-server:59] [PrivateNet] Block 3650 / 3651
[I 180310 00:46:51 api-server:59] [PrivateNet] Block 3651 / 3652
[I 180310 00:47:06 api-server:59] [PrivateNet] Block 3652 / 3653
[I 180310 00:47:21 api-server:59] [PrivateNet] Block 3652 / 3653
[I 180310 00:47:36 api-server:59] [PrivateNet] Block 3652 / 3653
[I 180310 00:47:51 api-server:59] [PrivateNet] Block 3653 / 3654
[I 180310 00:48:06 api-server:59] [PrivateNet] Block 3654 / 3655
[I 180310 00:48:21 api-server:59] [PrivateNet] Block 3654 / 3656
[I 180310 00:48:36 api-server:59] [PrivateNet] Block 3655 / 3656
[I 180310 00:48:51 api-server:59] [PrivateNet] Block 3656 / 3657
[I 180310 00:49:06 api-server:59] [PrivateNet] Block 3656 / 3657
[I 180310 00:49:21 api-server:59] [PrivateNet] Block 3656 / 3658
[I 180310 00:49:36 api-server:59] [PrivateNet] Block 3657 / 3659
[I 180310 00:49:51 api-server:59] [PrivateNet] Block 3658 / 3659
[I 180310 00:50:06 api-server:59] [PrivateNet] Block 3659 / 3660
[I 180310 00:50:21 api-server:59] [PrivateNet] Block 3659 / 3661
[I 180310 00:50:36 api-server:59] [PrivateNet] Block 3660 / 3661
[I 180310 00:50:51 api-server:59] [PrivateNet] Block 3661 / 3662
[I 180310 00:51:06 api-server:59] [PrivateNet] Block 3662 / 3663
[I 180310 00:51:21 api-server:59] [PrivateNet] Block 3662 / 3663
[I 180310 00:51:36 api-server:59] [PrivateNet] Block 3663 / 3664
[I 180310 00:51:51 api-server:59] [PrivateNet] Block 3664 / 3665
[I 180310 00:52:06 api-server:59] [PrivateNet] Block 3664 / 3665
[I 180310 00:52:21 api-server:59] [PrivateNet] Block 3664 / 3665
[I 180310 00:52:36 api-server:59] [PrivateNet] Block 3665 / 3666
[I 180310 00:52:51 api-server:59] [PrivateNet] Block 3666 / 3667
[I 180310 00:53:06 api-server:59] [PrivateNet] Block 3667 / 3668
[I 180310 00:53:21 api-server:59] [PrivateNet] Block 3667 / 3669
[I 180310 00:53:36 api-server:59] [PrivateNet] Block 3668 / 3669
[I 180310 00:53:51 api-server:59] [PrivateNet] Block 3668 / 3669
[I 180310 00:54:06 api-server:59] [PrivateNet] Block 3669 / 3670
[I 180310 00:54:21 api-server:59] [PrivateNet] Block 3669 / 3671
[I 180310 00:54:36 api-server:59] [PrivateNet] Block 3670 / 3671
[I 180310 00:54:51 api-server:59] [PrivateNet] Block 3671 / 3672
[I 180310 00:55:06 api-server:59] [PrivateNet] Block 3672 / 3673
[I 180310 00:55:21 api-server:59] [PrivateNet] Block 3672 / 3673
[I 180310 00:55:36 api-server:59] [PrivateNet] Block 3673 / 3674
[I 180310 00:55:51 api-server:59] [PrivateNet] Block 3674 / 3675
[I 180310 00:56:06 api-server:59] [PrivateNet] Block 3675 / 3676
[I 180310 00:56:21 api-server:59] [PrivateNet] Block 3675 / 3676
[I 180310 00:56:36 api-server:59] [PrivateNet] Block 3676 / 3677
[I 180310 00:56:51 api-server:59] [PrivateNet] Block 3676 / 3677
[E 180310 00:56:55 ExecutionEngine:835] COULD NOT EXECUTE OP: Invalid list operation b'z' ROLL
[E 180310 00:56:55 ExecutionEngine:836] Invalid list operation
    Traceback (most recent call last):
      File "/root/neo-python/neo/VM/ExecutionEngine.py", line 829, in StepInto
        self.ExecuteOp(op, self.CurrentContext)
      File "/root/neo-python/neo/VM/ExecutionEngine.py", line 282, in ExecuteOp
        estack.PushT(estack.Remove(n))
      File "/root/neo-python/neo/VM/RandomAccessStack.py", line 57, in Remove
        raise Exception("Invalid list operation")
    Exception: Invalid list operation
[I 180310 00:56:55 InteropService:93] Trying to get big integer Array: ['6e616d65', '', 'None', 'None', 'None', 'None', 'None', 'None', 'None', 'None', 'None', 'None', 'None', 'None', 'None', 'None', 'None', 'None', 'None', 'None', 'None', 'None', 'None', 'None'] 
[E 180310 00:56:55 ExecutionEngine:835] COULD NOT EXECUTE OP: Not Supported b'\xc4' SETITEM
[E 180310 00:56:55 ExecutionEngine:836] Not Supported
    Traceback (most recent call last):
      File "/root/neo-python/neo/VM/ExecutionEngine.py", line 829, in StepInto
        self.ExecuteOp(op, self.CurrentContext)
      File "/root/neo-python/neo/VM/ExecutionEngine.py", line 703, in ExecuteOp
        index = estack.Pop().GetBigInteger()
      File "/root/neo-python/neo/VM/InteropService.py", line 94, in GetBigInteger
        raise Exception("Not Supported")
    Exception: Not Supported
[I 180310 00:57:06 api-server:59] [PrivateNet] Block 3677 / 3678
[I 180310 00:57:21 api-server:59] [PrivateNet] Block 3677 / 3679
[I 180310 00:57:36 api-server:59] [PrivateNet] Block 3678 / 3679
[I 180310 00:57:51 api-server:59] [PrivateNet] Block 3679 / 3680
[I 180310 00:58:06 api-server:59] [PrivateNet] Block 3680 / 3681
[I 180310 00:58:21 api-server:59] [PrivateNet] Block 3680 / 3681
[I 180310 00:58:36 api-server:59] [PrivateNet] Block 3681 / 3682
[I 180310 00:58:51 api-server:59] [PrivateNet] Block 3682 / 3683
[I 180310 00:59:06 api-server:59] [PrivateNet] Block 3683 / 3684
[E 180310 00:59:21 ExecutionEngine:835] COULD NOT EXECUTE OP: Invalid list operation b'z' ROLL
[E 180310 00:59:21 ExecutionEngine:836] Invalid list operation
    Traceback (most recent call last):
      File "/root/neo-python/neo/VM/ExecutionEngine.py", line 829, in StepInto
        self.ExecuteOp(op, self.CurrentContext)
      File "/root/neo-python/neo/VM/ExecutionEngine.py", line 282, in ExecuteOp
        estack.PushT(estack.Remove(n))
      File "/root/neo-python/neo/VM/RandomAccessStack.py", line 57, in Remove
        raise Exception("Invalid list operation")
    Exception: Invalid list operation
[I 180310 00:59:21 InteropService:93] Trying to get big integer Array: ['6e616d65', '', 'None', 'None', 'None', 'None', 'None', 'None', 'None', 'None', 'None', 'None', 'None', 'None', 'None', 'None', 'None', 'None', 'None', 'None', 'None', 'None', 'None', 'None'] 
[E 180310 00:59:21 ExecutionEngine:835] COULD NOT EXECUTE OP: Not Supported b'\xc4' SETITEM
[E 180310 00:59:21 ExecutionEngine:836] Not Supported
    Traceback (most recent call last):
      File "/root/neo-python/neo/VM/ExecutionEngine.py", line 829, in StepInto
        self.ExecuteOp(op, self.CurrentContext)
      File "/root/neo-python/neo/VM/ExecutionEngine.py", line 703, in ExecuteOp
        index = estack.Pop().GetBigInteger()
      File "/root/neo-python/neo/VM/InteropService.py", line 94, in GetBigInteger
        raise Exception("Not Supported")
    Exception: Not Supported
[I 180310 00:59:21 api-server:59] [PrivateNet] Block 3683 / 3684
[I 180310 00:59:36 api-server:59] [PrivateNet] Block 3684 / 3685
[I 180310 00:59:51 api-server:59] [PrivateNet] Block 3684 / 3685
[I 180310 01:00:06 api-server:59] [PrivateNet] Block 3685 / 3686
[I 180310 01:00:21 api-server:59] [PrivateNet] Block 3685 / 3687
[I 180310 01:00:36 api-server:59] [PrivateNet] Block 3686 / 3687
[I 180310 01:00:51 api-server:59] [PrivateNet] Block 3687 / 3688
[I 180310 01:01:06 api-server:59] [PrivateNet] Block 3688 / 3689
[I 180310 01:01:22 api-server:59] [PrivateNet] Block 3688 / 3689
[I 180310 01:01:37 api-server:59] [PrivateNet] Block 3689 / 3690
[I 180310 01:01:52 api-server:59] [PrivateNet] Block 3690 / 3691
[I 180310 01:02:07 api-server:59] [PrivateNet] Block 3690 / 3692
[I 180310 01:02:22 api-server:59] [PrivateNet] Block 3691 / 3692
[I 180310 18:39:21 NotificationDB:76] Created Notification DB At /root/neo-python/Chains/Priv_Notif 
[I 180310 18:39:21 api-server:59] [PrivateNet] Block 5846 / 5848
[I 180310 18:39:21 api-server:132] Starting json-rpc api server on http://0.0.0.0:10332
[I 180310 18:39:21 api-server:138] Starting notification api server on http://0.0.0.0:9090
[I 180310 18:40:15 LevelDBBlockchain:109] leveldb unavailable, you may already be running this process: b'IO error: lock /root/neo-python/./Chains/privnet/LOCK: Resource temporarily unavailable' 
[I 180310 18:41:48 NotificationDB:76] Created Notification DB At /root/neo-python/Chains/Priv_Notif 
[I 180310 18:41:48 api-server:59] [PrivateNet] Block 5846 / 5848
[I 180310 18:41:48 api-server:132] Starting json-rpc api server on http://0.0.0.0:10332
[I 180310 18:41:48 api-server:138] Starting notification api server on http://0.0.0.0:9090
[I 180310 18:42:03 api-server:59] [PrivateNet] Block 6146 / 6422
[I 180310 18:42:18 api-server:59] [PrivateNet] Block 6421 / 6423
[I 180310 18:42:33 api-server:59] [PrivateNet] Block 6423 / 6424
[I 180310 18:42:48 api-server:59] [PrivateNet] Block 6424 / 6425
[I 180310 18:43:03 api-server:59] [PrivateNet] Block 6424 / 6425
[I 180310 18:43:18 api-server:59] [PrivateNet] Block 6424 / 6425
[I 180310 18:43:33 api-server:59] [PrivateNet] Block 6425 / 6426
[I 180310 18:43:48 api-server:59] [PrivateNet] Block 6426 / 6427
[I 180310 18:44:03 api-server:59] [PrivateNet] Block 6426 / 6428
[I 180310 18:44:18 api-server:59] [PrivateNet] Block 6427 / 6428
[I 180310 18:44:33 api-server:59] [PrivateNet] Block 6428 / 6429
[I 180310 18:44:48 api-server:59] [PrivateNet] Block 6428 / 6429
[I 180310 18:45:03 api-server:59] [PrivateNet] Block 6428 / 6430
[I 180310 18:45:18 api-server:59] [PrivateNet] Block 6429 / 6430
[I 180310 18:45:33 api-server:59] [PrivateNet] Block 6430 / 6432
[I 180310 18:45:48 api-server:59] [PrivateNet] Block 6431 / 6433
[I 180310 18:46:03 api-server:59] [PrivateNet] Block 6432 / 6433
[I 180310 18:46:18 api-server:59] [PrivateNet] Block 6432 / 6433
[I 180310 18:46:33 api-server:59] [PrivateNet] Block 6433 / 6434
[I 180310 18:46:48 api-server:59] [PrivateNet] Block 6434 / 6435
[I 180310 18:47:03 api-server:59] [PrivateNet] Block 6434 / 6435
[I 180310 18:47:18 api-server:59] [PrivateNet] Block 6435 / 6436
[I 180310 18:47:33 api-server:59] [PrivateNet] Block 6436 / 6437
[I 180310 18:47:48 api-server:59] [PrivateNet] Block 6436 / 6437
[I 180310 18:48:03 api-server:59] [PrivateNet] Block 6436 / 6437
[I 180310 18:48:18 api-server:59] [PrivateNet] Block 6437 / 6438
[I 180310 18:48:33 api-server:59] [PrivateNet] Block 6438 / 6439
[I 180310 18:48:48 api-server:59] [PrivateNet] Block 6439 / 6440
[I 180310 18:49:04 api-server:59] [PrivateNet] Block 6439 / 6441
[I 180310 18:49:19 api-server:59] [PrivateNet] Block 6440 / 6441
[I 180310 18:49:34 api-server:59] [PrivateNet] Block 6440 / 6441
[I 180310 18:49:49 api-server:59] [PrivateNet] Block 6441 / 6442
[I 180310 18:50:04 api-server:59] [PrivateNet] Block 6441 / 6443
[I 180310 18:50:19 api-server:59] [PrivateNet] Block 6442 / 6443
[I 180310 18:50:34 api-server:59] [PrivateNet] Block 6443 / 6444
[I 180310 18:50:49 api-server:59] [PrivateNet] Block 6444 / 6445
[I 180310 18:51:04 api-server:59] [PrivateNet] Block 6444 / 6445
[I 180310 18:51:19 api-server:59] [PrivateNet] Block 6444 / 6446
[I 180310 18:51:34 api-server:59] [PrivateNet] Block 6446 / 6447
[I 180310 18:51:49 api-server:59] [PrivateNet] Block 6447 / 6448
[I 180310 18:52:04 api-server:59] [PrivateNet] Block 6447 / 6448
[I 180310 18:52:19 api-server:59] [PrivateNet] Block 6448 / 6449
[I 180310 18:52:34 api-server:59] [PrivateNet] Block 6448 / 6449
[I 180310 18:52:49 api-server:59] [PrivateNet] Block 6449 / 6450
[I 180310 18:53:04 api-server:59] [PrivateNet] Block 6449 / 6450
[I 180310 18:53:19 api-server:59] [PrivateNet] Block 6450 / 6451
[I 180310 18:53:34 api-server:59] [PrivateNet] Block 6451 / 6452
[I 180310 18:53:49 api-server:59] [PrivateNet] Block 6452 / 6453
[I 180310 18:54:04 api-server:59] [PrivateNet] Block 6452 / 6453
[I 180310 18:54:19 api-server:59] [PrivateNet] Block 6452 / 6453
[I 180310 18:54:34 api-server:59] [PrivateNet] Block 6453 / 6454
[I 180310 18:54:49 api-server:59] [PrivateNet] Block 6454 / 6455
[I 180310 18:55:04 api-server:59] [PrivateNet] Block 6454 / 6455
[I 180310 18:55:19 api-server:59] [PrivateNet] Block 6455 / 6456
[I 180310 18:55:34 api-server:59] [PrivateNet] Block 6456 / 6457
[I 180310 18:55:49 api-server:59] [PrivateNet] Block 6456 / 6457
[I 180310 18:56:04 api-server:59] [PrivateNet] Block 6456 / 6457
[I 180310 18:56:19 api-server:59] [PrivateNet] Block 6457 / 6458
[I 180310 18:56:34 api-server:59] [PrivateNet] Block 6458 / 6459
[I 180310 18:56:49 api-server:59] [PrivateNet] Block 6459 / 6460
[I 180310 18:57:04 api-server:59] [PrivateNet] Block 6459 / 6460
[I 180310 18:57:19 api-server:59] [PrivateNet] Block 6460 / 6461
[I 180310 18:57:34 api-server:59] [PrivateNet] Block 6460 / 6461
[I 180310 18:57:49 api-server:59] [PrivateNet] Block 6461 / 6462
[I 180310 18:58:04 api-server:59] [PrivateNet] Block 6461 / 6462
[I 180310 18:58:19 api-server:59] [PrivateNet] Block 6462 / 6463
[I 180310 18:58:34 api-server:59] [PrivateNet] Block 6463 / 6464
[I 180310 18:58:49 api-server:59] [PrivateNet] Block 6464 / 6465
[I 180310 18:59:04 api-server:59] [PrivateNet] Block 6464 / 6465
[I 180310 18:59:19 api-server:59] [PrivateNet] Block 6464 / 6465
[I 180310 18:59:34 api-server:59] [PrivateNet] Block 6465 / 6466
[I 180310 18:59:49 api-server:59] [PrivateNet] Block 6466 / 6467
[I 180310 19:00:04 api-server:59] [PrivateNet] Block 6466 / 6467
[I 180310 19:00:19 api-server:59] [PrivateNet] Block 6467 / 6468
[I 180310 19:00:34 api-server:59] [PrivateNet] Block 6468 / 6469
[I 180310 19:00:49 api-server:59] [PrivateNet] Block 6468 / 6469
[I 180310 19:01:04 api-server:59] [PrivateNet] Block 6468 / 6469
[I 180310 19:01:19 api-server:59] [PrivateNet] Block 6469 / 6470
[I 180310 19:01:34 api-server:59] [PrivateNet] Block 6470 / 6471
[I 180310 19:01:49 api-server:59] [PrivateNet] Block 6471 / 6472
[I 180310 19:02:16 NotificationDB:76] Created Notification DB At /root/neo-python/Chains/Priv_Notif 
[I 180310 19:02:16 api-server:59] [PrivateNet] Block 6471 / 6472
[I 180310 19:02:16 api-server:132] Starting json-rpc api server on http://0.0.0.0:10332
[I 180310 19:02:16 api-server:138] Starting notification api server on http://0.0.0.0:9090
[I 180310 19:02:31 api-server:59] [PrivateNet] Block 6471 / 6473
[I 180310 19:02:46 api-server:59] [PrivateNet] Block 6471 / 6473
[I 180310 19:04:34 NotificationDB:76] Created Notification DB At /root/neo-python/Chains/Priv_Notif 
[I 180310 19:04:34 api-server:59] [PrivateNet] Block 6473 / 6474
[I 180310 19:04:34 api-server:132] Starting json-rpc api server on http://0.0.0.0:10332
[I 180310 19:04:34 api-server:138] Starting notification api server on http://0.0.0.0:9090
[I 180310 19:04:37 NotificationRestApi:139] Could not get notifications for block 100 Incorrect address format
[I 180310 19:04:40 NotificationRestApi:139] Could not get notifications for block 100 Incorrect address format
[I 180310 19:05:42 NotificationDB:76] Created Notification DB At /root/neo-python/Chains/Priv_Notif 
[I 180310 19:05:42 api-server:59] [PrivateNet] Block 6473 / 5999
[I 180310 19:05:42 api-server:132] Starting json-rpc api server on http://0.0.0.0:10332
[I 180310 19:05:42 api-server:138] Starting notification api server on http://0.0.0.0:9090
[I 180310 19:05:57 api-server:59] [PrivateNet] Block 6473 / 6482
[I 180310 19:06:12 api-server:59] [PrivateNet] Block 6481 / 6482
[I 180310 19:06:27 api-server:59] [PrivateNet] Block 6482 / 6483
[I 180310 19:06:42 api-server:59] [PrivateNet] Block 6483 / 6484
[I 180310 19:07:05 NotificationDB:76] Created Notification DB At /root/neo-python/Chains/Priv_Notif 
[I 180310 19:07:05 api-server:59] [PrivateNet] Block 6483 / 6484
[I 180310 19:07:05 api-server:132] Starting json-rpc api server on http://0.0.0.0:10332
[I 180310 19:07:05 api-server:138] Starting notification api server on http://0.0.0.0:9090
[I 180310 19:07:09 NotificationRestApi:139] Could not get notifications for block sdfasdasdasdasdasd Incorrect address format
[I 180310 19:07:20 api-server:59] [PrivateNet] Block 6483 / 6485
[I 180310 19:07:35 api-server:59] [PrivateNet] Block 6485 / 6486
[I 180310 19:07:50 api-server:59] [PrivateNet] Block 6486 / 6487
[I 180310 19:08:05 api-server:59] [PrivateNet] Block 6486 / 6487
[I 180310 19:08:20 api-server:59] [PrivateNet] Block 6487 / 6488
[I 180310 19:08:35 api-server:59] [PrivateNet] Block 6488 / 6489
[I 180310 19:08:50 api-server:59] [PrivateNet] Block 6488 / 6489
[I 180310 19:09:05 api-server:59] [PrivateNet] Block 6488 / 6489
[I 180310 19:09:20 api-server:59] [PrivateNet] Block 6489 / 6490
[I 180310 19:09:35 api-server:59] [PrivateNet] Block 6489 / 6491
[I 180310 19:09:50 api-server:59] [PrivateNet] Block 6490 / 6492
[I 180310 19:10:05 api-server:59] [PrivateNet] Block 6491 / 6493
[I 180310 19:10:20 api-server:59] [PrivateNet] Block 6492 / 6493
[I 180310 19:10:35 api-server:59] [PrivateNet] Block 6492 / 6493
[I 180310 19:10:50 api-server:59] [PrivateNet] Block 6493 / 6494
[I 180310 19:11:05 api-server:59] [PrivateNet] Block 6494 / 6495
[I 180310 19:11:20 api-server:59] [PrivateNet] Block 6494 / 6496
[I 180310 19:11:35 api-server:59] [PrivateNet] Block 6495 / 6496
[I 180310 19:11:50 api-server:59] [PrivateNet] Block 6496 / 6497
[I 180310 19:12:05 api-server:59] [PrivateNet] Block 6496 / 6497
[I 180310 19:12:20 api-server:59] [PrivateNet] Block 6497 / 6498
[I 180310 19:12:35 api-server:59] [PrivateNet] Block 6497 / 6499
[I 180310 19:12:50 api-server:59] [PrivateNet] Block 6498 / 6500
[I 180310 19:13:05 api-server:59] [PrivateNet] Block 6499 / 6500
[I 180310 19:13:20 api-server:59] [PrivateNet] Block 6499 / 6501
[I 180310 19:13:35 api-server:59] [PrivateNet] Block 6500 / 6501
[I 180310 19:13:50 api-server:59] [PrivateNet] Block 6501 / 6502
[I 180310 19:14:05 api-server:59] [PrivateNet] Block 6502 / 6503
[I 180310 19:14:20 api-server:59] [PrivateNet] Block 6502 / 6503
[I 180310 19:14:35 api-server:59] [PrivateNet] Block 6503 / 6504
[I 180310 19:14:50 api-server:59] [PrivateNet] Block 6504 / 6505
[I 180310 19:15:06 api-server:59] [PrivateNet] Block 6504 / 6505
[I 180310 19:15:21 api-server:59] [PrivateNet] Block 6504 / 6505
[I 180310 19:15:36 api-server:59] [PrivateNet] Block 6505 / 6506
[I 180310 19:15:51 api-server:59] [PrivateNet] Block 6506 / 6508
[I 180310 19:16:06 api-server:59] [PrivateNet] Block 6507 / 6508
[I 180310 19:16:21 api-server:59] [PrivateNet] Block 6507 / 6509
[I 180310 19:16:36 api-server:59] [PrivateNet] Block 6508 / 6509
[I 180310 19:16:51 api-server:59] [PrivateNet] Block 6509 / 6510
[I 180310 19:17:06 api-server:59] [PrivateNet] Block 6509 / 6510
[I 180310 19:17:21 api-server:59] [PrivateNet] Block 6510 / 6511
[I 180310 19:17:36 api-server:59] [PrivateNet] Block 6511 / 6512
[I 180310 19:17:51 api-server:59] [PrivateNet] Block 6512 / 6513
[I 180310 19:18:06 api-server:59] [PrivateNet] Block 6512 / 6513
[I 180310 19:18:21 api-server:59] [PrivateNet] Block 6512 / 6513
[I 180310 19:18:36 api-server:59] [PrivateNet] Block 6513 / 6514
[I 180310 19:18:51 api-server:59] [PrivateNet] Block 6513 / 6515
[I 180310 19:19:06 api-server:59] [PrivateNet] Block 6514 / 6515
[I 180310 19:19:21 api-server:59] [PrivateNet] Block 6515 / 6516
[I 180310 19:19:36 api-server:59] [PrivateNet] Block 6516 / 6517
[I 180310 19:19:51 api-server:59] [PrivateNet] Block 6516 / 6517
[I 180310 19:20:06 api-server:59] [PrivateNet] Block 6517 / 6518
[I 180310 19:20:21 api-server:59] [PrivateNet] Block 6518 / 6519
[I 180310 19:20:36 api-server:59] [PrivateNet] Block 6518 / 6520
[I 180310 19:20:51 api-server:59] [PrivateNet] Block 6519 / 6520
[I 180310 19:21:06 api-server:59] [PrivateNet] Block 6520 / 6521
[I 180310 19:21:21 api-server:59] [PrivateNet] Block 6520 / 6521
[I 180310 19:21:36 api-server:59] [PrivateNet] Block 6520 / 6522
[I 180310 19:21:51 api-server:59] [PrivateNet] Block 6521 / 6523
[I 180310 19:22:06 api-server:59] [PrivateNet] Block 6522 / 6523
[I 180310 19:22:21 api-server:59] [PrivateNet] Block 6523 / 6524
[I 180310 19:22:36 api-server:59] [PrivateNet] Block 6524 / 6525
[I 180310 19:22:51 api-server:59] [PrivateNet] Block 6524 / 6525
[I 180310 19:23:06 api-server:59] [PrivateNet] Block 6525 / 6526
[I 180310 19:23:21 api-server:59] [PrivateNet] Block 6525 / 6526
[I 180310 19:23:36 api-server:59] [PrivateNet] Block 6526 / 6527
[I 180310 19:23:51 api-server:59] [PrivateNet] Block 6527 / 6528
[I 180310 19:24:06 api-server:59] [PrivateNet] Block 6527 / 6529
[I 180310 19:24:21 api-server:59] [PrivateNet] Block 6528 / 6529
[I 180310 19:24:36 api-server:59] [PrivateNet] Block 6528 / 6529
[I 180310 19:24:51 api-server:59] [PrivateNet] Block 6529 / 6530
[I 180310 19:25:06 api-server:59] [PrivateNet] Block 6530 / 6531
[I 180310 19:25:21 api-server:59] [PrivateNet] Block 6530 / 6532
[I 180310 19:25:36 api-server:59] [PrivateNet] Block 6531 / 6532
[I 180310 19:25:51 api-server:59] [PrivateNet] Block 6532 / 6533
[I 180310 19:26:06 api-server:59] [PrivateNet] Block 6532 / 6533
[I 180310 19:26:21 api-server:59] [PrivateNet] Block 6532 / 6534
[I 180310 19:26:36 api-server:59] [PrivateNet] Block 6533 / 6534
[I 180310 19:26:51 api-server:59] [PrivateNet] Block 6533 / 6535
[I 180310 19:27:06 api-server:59] [PrivateNet] Block 6535 / 6536
[I 180310 19:27:21 api-server:59] [PrivateNet] Block 6536 / 6537
[I 180310 19:27:36 api-server:59] [PrivateNet] Block 6536 / 6537
[I 180310 19:27:51 api-server:59] [PrivateNet] Block 6536 / 6537
[I 180310 19:28:06 api-server:59] [PrivateNet] Block 6537 / 6538
[I 180310 19:28:21 api-server:59] [PrivateNet] Block 6538 / 6539
[I 180310 19:28:36 api-server:59] [PrivateNet] Block 6539 / 6540
[I 180310 19:28:51 api-server:59] [PrivateNet] Block 6539 / 6540
[I 180310 19:29:06 api-server:59] [PrivateNet] Block 6540 / 6541
[I 180310 19:29:21 api-server:59] [PrivateNet] Block 6540 / 6541
[I 180310 19:29:36 api-server:59] [PrivateNet] Block 6540 / 6542
[I 180310 19:29:51 api-server:59] [PrivateNet] Block 6541 / 6542
[I 180310 19:30:06 api-server:59] [PrivateNet] Block 6542 / 6543
[I 180310 19:30:21 api-server:59] [PrivateNet] Block 6543 / 6544
[I 180310 19:30:36 api-server:59] [PrivateNet] Block 6543 / 6545
[I 180310 19:30:51 api-server:59] [PrivateNet] Block 6544 / 6545
[I 180310 19:31:06 api-server:59] [PrivateNet] Block 6544 / 6545
[I 180310 19:31:21 api-server:59] [PrivateNet] Block 6545 / 6546
[I 180310 19:31:36 api-server:59] [PrivateNet] Block 6545 / 6547
[I 180310 19:31:51 api-server:59] [PrivateNet] Block 6546 / 6547
[I 180310 19:32:06 api-server:59] [PrivateNet] Block 6547 / 6548
[I 180310 19:32:21 api-server:59] [PrivateNet] Block 6547 / 6549
[I 180310 19:32:36 api-server:59] [PrivateNet] Block 6548 / 6549
[I 180310 19:32:51 api-server:59] [PrivateNet] Block 6548 / 6549
[I 180310 19:33:06 api-server:59] [PrivateNet] Block 6549 / 6550
[I 180310 19:33:21 api-server:59] [PrivateNet] Block 6549 / 6551
[I 180310 19:33:36 api-server:59] [PrivateNet] Block 6550 / 6551
[I 180310 19:33:51 api-server:59] [PrivateNet] Block 6551 / 6552
[I 180310 19:34:06 api-server:59] [PrivateNet] Block 6552 / 6553
[I 180310 19:34:21 api-server:59] [PrivateNet] Block 6552 / 6553
[I 180310 19:34:36 api-server:59] [PrivateNet] Block 6552 / 6554
[I 180310 19:34:51 api-server:59] [PrivateNet] Block 6553 / 6555
[I 180310 19:35:06 api-server:59] [PrivateNet] Block 6554 / 6555
[I 180310 19:35:21 api-server:59] [PrivateNet] Block 6554 / 6555
[I 180310 19:35:37 api-server:59] [PrivateNet] Block 6555 / 6556
[I 180310 19:35:52 api-server:59] [PrivateNet] Block 6556 / 6557
[I 180310 19:36:07 api-server:59] [PrivateNet] Block 6556 / 6557
[I 180310 19:36:22 api-server:59] [PrivateNet] Block 6556 / 6558
[I 180310 19:36:37 api-server:59] [PrivateNet] Block 6557 / 6559
[I 180310 19:36:52 api-server:59] [PrivateNet] Block 6559 / 6560
[I 180310 19:37:07 api-server:59] [PrivateNet] Block 6559 / 6560
[I 180310 19:37:22 api-server:59] [PrivateNet] Block 6560 / 6561
[I 180310 19:37:37 api-server:59] [PrivateNet] Block 6560 / 6561
[I 180310 19:37:52 api-server:59] [PrivateNet] Block 6561 / 6562
[I 180310 19:38:07 api-server:59] [PrivateNet] Block 6561 / 6562
[I 180310 19:38:22 api-server:59] [PrivateNet] Block 6562 / 6563
[I 180310 19:38:37 api-server:59] [PrivateNet] Block 6563 / 6564
[I 180310 19:38:52 api-server:59] [PrivateNet] Block 6564 / 6565
[I 180310 19:39:07 api-server:59] [PrivateNet] Block 6564 / 6565
[I 180310 19:39:22 api-server:59] [PrivateNet] Block 6564 / 6565
[I 180310 19:39:37 api-server:59] [PrivateNet] Block 6565 / 6566
[I 180310 19:39:52 api-server:59] [PrivateNet] Block 6565 / 6567
[I 180310 19:40:07 api-server:59] [PrivateNet] Block 6566 / 6567
[I 180310 19:40:22 api-server:59] [PrivateNet] Block 6567 / 6568
[I 180310 19:40:37 api-server:59] [PrivateNet] Block 6568 / 6569
[I 180310 19:40:52 api-server:59] [PrivateNet] Block 6568 / 6569
[I 180310 19:41:07 api-server:59] [PrivateNet] Block 6568 / 6570
[I 180310 19:41:22 api-server:59] [PrivateNet] Block 6569 / 6571
[I 180310 19:41:37 api-server:59] [PrivateNet] Block 6571 / 6572
[I 180310 19:41:52 api-server:59] [PrivateNet] Block 6571 / 6572
[I 180310 19:42:07 api-server:59] [PrivateNet] Block 6572 / 6573
[I 180310 19:42:22 api-server:59] [PrivateNet] Block 6572 / 6573
[I 180310 19:42:37 api-server:59] [PrivateNet] Block 6573 / 6574
[I 180310 19:42:52 api-server:59] [PrivateNet] Block 6573 / 6574
[I 180310 19:43:07 api-server:59] [PrivateNet] Block 6574 / 6575
[I 180310 19:43:22 api-server:59] [PrivateNet] Block 6575 / 6576
[I 180310 19:43:37 api-server:59] [PrivateNet] Block 6576 / 6577
[I 180310 19:43:52 api-server:59] [PrivateNet] Block 6576 / 6577
[I 180310 19:44:07 api-server:59] [PrivateNet] Block 6576 / 6577
[I 180310 19:44:22 api-server:59] [PrivateNet] Block 6577 / 6578
[I 180310 19:44:37 api-server:59] [PrivateNet] Block 6577 / 6579
[I 180310 19:44:52 api-server:59] [PrivateNet] Block 6578 / 6580
[I 180310 19:45:07 api-server:59] [PrivateNet] Block 6579 / 6580
[I 180310 19:45:22 api-server:59] [PrivateNet] Block 6580 / 6581
[I 180310 19:45:37 api-server:59] [PrivateNet] Block 6580 / 6581
[I 180310 19:45:52 api-server:59] [PrivateNet] Block 6581 / 6582
[I 180310 19:46:07 api-server:59] [PrivateNet] Block 6582 / 6583
[I 180310 19:46:22 api-server:59] [PrivateNet] Block 6583 / 6584
[I 180310 19:46:37 api-server:59] [PrivateNet] Block 6583 / 6584
[I 180310 19:46:52 api-server:59] [PrivateNet] Block 6584 / 6585
[I 180310 19:47:07 api-server:59] [PrivateNet] Block 6584 / 6585
[I 180310 19:47:22 api-server:59] [PrivateNet] Block 6584 / 6586
[I 180310 19:47:37 api-server:59] [PrivateNet] Block 6585 / 6586
[I 180310 19:47:52 api-server:59] [PrivateNet] Block 6586 / 6587
[I 180310 19:48:07 api-server:59] [PrivateNet] Block 6586 / 6588
[I 180310 19:48:22 api-server:59] [PrivateNet] Block 6588 / 6589
[I 180310 19:48:37 api-server:59] [PrivateNet] Block 6588 / 6589
[I 180310 19:48:52 api-server:59] [PrivateNet] Block 6589 / 6590
[I 180310 19:49:07 api-server:59] [PrivateNet] Block 6589 / 6590
[I 180310 19:49:22 api-server:59] [PrivateNet] Block 6590 / 6591
[I 180310 19:49:37 api-server:59] [PrivateNet] Block 6591 / 6592
[I 180310 19:49:52 api-server:59] [PrivateNet] Block 6591 / 6593
[I 180310 19:50:07 api-server:59] [PrivateNet] Block 6592 / 6593
[I 180310 19:50:22 api-server:59] [PrivateNet] Block 6592 / 6594
[I 180310 19:50:37 api-server:59] [PrivateNet] Block 6593 / 6594
[I 180310 19:50:52 api-server:59] [PrivateNet] Block 6594 / 6595
[I 180310 19:51:07 api-server:59] [PrivateNet] Block 6595 / 6596
[I 180310 19:51:22 api-server:59] [PrivateNet] Block 6595 / 6597
[I 180310 19:51:37 api-server:59] [PrivateNet] Block 6596 / 6597
[I 180310 19:51:52 api-server:59] [PrivateNet] Block 6596 / 6597
[I 180310 19:52:07 api-server:59] [PrivateNet] Block 6597 / 6598
[I 180310 19:52:22 api-server:59] [PrivateNet] Block 6597 / 6599
[I 180310 19:52:37 api-server:59] [PrivateNet] Block 6599 / 6600
[I 180310 19:52:52 api-server:59] [PrivateNet] Block 6599 / 6601
[I 180310 19:53:07 api-server:59] [PrivateNet] Block 6600 / 6601
[I 180310 19:53:22 api-server:59] [PrivateNet] Block 6600 / 6601
[I 180310 19:53:37 api-server:59] [PrivateNet] Block 6601 / 6602
[I 180310 19:53:52 api-server:59] [PrivateNet] Block 6601 / 6603
[I 180310 19:54:07 api-server:59] [PrivateNet] Block 6602 / 6604
[I 180310 19:54:22 api-server:59] [PrivateNet] Block 6603 / 6604
[I 180310 19:54:37 api-server:59] [PrivateNet] Block 6604 / 6605
[I 180310 19:54:52 api-server:59] [PrivateNet] Block 6604 / 6605
[I 180310 19:55:07 api-server:59] [PrivateNet] Block 6605 / 6606
[I 180310 19:55:22 api-server:59] [PrivateNet] Block 6606 / 6607
[I 180310 19:55:37 api-server:59] [PrivateNet] Block 6606 / 6608
[I 180310 19:55:52 api-server:59] [PrivateNet] Block 6607 / 6608
[I 180310 19:56:07 api-server:59] [PrivateNet] Block 6608 / 6609
[I 180310 19:56:22 api-server:59] [PrivateNet] Block 6608 / 6609
[I 180310 19:56:38 api-server:59] [PrivateNet] Block 6608 / 6610
[I 180310 19:56:53 api-server:59] [PrivateNet] Block 6609 / 6610
[I 180310 19:57:08 api-server:59] [PrivateNet] Block 6610 / 6611
[I 180310 19:57:23 api-server:59] [PrivateNet] Block 6610 / 6612
[I 180310 19:57:38 api-server:59] [PrivateNet] Block 6612 / 6613
[I 180310 19:57:53 api-server:59] [PrivateNet] Block 6612 / 6613
[I 180310 19:58:08 api-server:59] [PrivateNet] Block 6612 / 6613
[I 180310 19:58:23 api-server:59] [PrivateNet] Block 6613 / 6614
[I 180310 19:58:38 api-server:59] [PrivateNet] Block 6613 / 6615
[I 180310 19:58:53 api-server:59] [PrivateNet] Block 6614 / 6616
[I 180310 19:59:08 api-server:59] [PrivateNet] Block 6615 / 6616
[I 180310 19:59:23 api-server:59] [PrivateNet] Block 6615 / 6617
[I 180310 19:59:38 api-server:59] [PrivateNet] Block 6616 / 6617
[I 180310 19:59:53 api-server:59] [PrivateNet] Block 6617 / 6618
[I 180310 20:00:08 api-server:59] [PrivateNet] Block 6617 / 6619
[I 180310 20:00:23 api-server:59] [PrivateNet] Block 6618 / 6619
[I 180310 20:00:38 api-server:59] [PrivateNet] Block 6619 / 6620
[I 180310 20:00:53 api-server:59] [PrivateNet] Block 6620 / 6621
[I 180310 20:01:08 api-server:59] [PrivateNet] Block 6620 / 6621
[I 180310 20:01:23 api-server:59] [PrivateNet] Block 6620 / 6621
[I 180310 20:01:38 api-server:59] [PrivateNet] Block 6621 / 6622
[I 180310 20:01:53 api-server:59] [PrivateNet] Block 6622 / 6623
[I 180310 20:02:08 api-server:59] [PrivateNet] Block 6622 / 6624
[I 180310 20:02:23 api-server:59] [PrivateNet] Block 6623 / 6624
[I 180310 20:02:38 api-server:59] [PrivateNet] Block 6624 / 6625
[I 180310 20:02:53 api-server:59] [PrivateNet] Block 6624 / 6625
[I 180310 20:03:08 api-server:59] [PrivateNet] Block 6624 / 6626
[I 180310 20:03:23 api-server:59] [PrivateNet] Block 6625 / 6627
[I 180310 20:03:38 api-server:59] [PrivateNet] Block 6627 / 6628
[I 180310 20:03:53 api-server:59] [PrivateNet] Block 6628 / 6629
[I 180310 20:04:08 api-server:59] [PrivateNet] Block 6628 / 6629
[I 180310 20:04:23 api-server:59] [PrivateNet] Block 6628 / 6629
[I 180310 20:04:38 api-server:59] [PrivateNet] Block 6629 / 6630
[I 180310 20:04:53 api-server:59] [PrivateNet] Block 6629 / 6631
[I 180310 20:05:08 api-server:59] [PrivateNet] Block 6630 / 6631
[I 180310 20:05:23 api-server:59] [PrivateNet] Block 6631 / 6632
[I 180310 20:05:38 api-server:59] [PrivateNet] Block 6632 / 6633
[I 180310 20:05:53 api-server:59] [PrivateNet] Block 6632 / 6633
[I 180310 20:06:08 api-server:59] [PrivateNet] Block 6632 / 6634
[I 180310 20:06:23 api-server:59] [PrivateNet] Block 6633 / 6634
[I 180310 20:06:38 api-server:59] [PrivateNet] Block 6634 / 6635
[I 180310 20:06:53 api-server:59] [PrivateNet] Block 6634 / 6636
[I 180310 20:07:08 api-server:59] [PrivateNet] Block 6635 / 6637
[I 180310 20:07:23 api-server:59] [PrivateNet] Block 6636 / 6637
[I 180310 20:07:38 api-server:59] [PrivateNet] Block 6636 / 6637
[I 180310 20:07:53 api-server:59] [PrivateNet] Block 6636 / 6638
[I 180310 20:08:08 api-server:59] [PrivateNet] Block 6637 / 6639
[I 180310 20:08:23 api-server:59] [PrivateNet] Block 6638 / 6639
[I 180310 20:08:38 api-server:59] [PrivateNet] Block 6639 / 6640
[I 180310 20:08:53 api-server:59] [PrivateNet] Block 6639 / 6641
[I 180310 20:09:08 api-server:59] [PrivateNet] Block 6640 / 6641
[I 180310 20:09:23 api-server:59] [PrivateNet] Block 6640 / 6641
[I 180310 20:09:38 api-server:59] [PrivateNet] Block 6640 / 6642
[I 180310 20:09:53 api-server:59] [PrivateNet] Block 6641 / 6643
[I 180310 20:10:08 api-server:59] [PrivateNet] Block 6642 / 6644
[I 180310 20:10:23 api-server:59] [PrivateNet] Block 6644 / 6645
[I 180310 20:10:38 api-server:59] [PrivateNet] Block 6644 / 6645
[I 180310 20:10:53 api-server:59] [PrivateNet] Block 6644 / 6645
[I 180310 20:11:08 api-server:59] [PrivateNet] Block 6645 / 6646
[I 180310 20:11:23 api-server:59] [PrivateNet] Block 6645 / 6646
[I 180310 20:11:38 api-server:59] [PrivateNet] Block 6645 / 6647
[I 180310 20:11:53 api-server:59] [PrivateNet] Block 6647 / 6648
[I 180310 20:12:08 api-server:59] [PrivateNet] Block 6648 / 6649
[I 180310 20:12:23 api-server:59] [PrivateNet] Block 6648 / 6649
[I 180310 20:12:38 api-server:59] [PrivateNet] Block 6648 / 6649
[I 180310 20:12:53 api-server:59] [PrivateNet] Block 6649 / 6650
[I 180310 20:13:08 api-server:59] [PrivateNet] Block 6650 / 6651
[I 180310 20:13:23 api-server:59] [PrivateNet] Block 6650 / 6652
[I 180310 20:13:38 api-server:59] [PrivateNet] Block 6651 / 6652
[I 180310 20:13:53 api-server:59] [PrivateNet] Block 6652 / 6653
[I 180310 20:14:08 api-server:59] [PrivateNet] Block 6652 / 6653
[I 180310 20:14:23 api-server:59] [PrivateNet] Block 6652 / 6654
[I 180310 20:14:38 api-server:59] [PrivateNet] Block 6653 / 6654
[I 180310 20:14:53 api-server:59] [PrivateNet] Block 6654 / 6655
[I 180310 20:15:08 api-server:59] [PrivateNet] Block 6655 / 6656
[I 180310 20:15:23 api-server:59] [PrivateNet] Block 6655 / 6657
[I 180310 20:15:38 api-server:59] [PrivateNet] Block 6656 / 6657
[I 180310 20:15:53 api-server:59] [PrivateNet] Block 6656 / 6658
[I 180310 20:16:08 api-server:59] [PrivateNet] Block 6657 / 6658
[I 180310 20:16:23 api-server:59] [PrivateNet] Block 6657 / 6659
[I 180310 20:16:38 api-server:59] [PrivateNet] Block 6658 / 6660
[I 180310 20:16:53 api-server:59] [PrivateNet] Block 6659 / 6661
[I 180310 20:17:08 api-server:59] [PrivateNet] Block 6660 / 6661
[I 180310 20:17:24 api-server:59] [PrivateNet] Block 6660 / 6661
[I 180310 20:17:39 api-server:59] [PrivateNet] Block 6661 / 6662
[I 180310 20:17:54 api-server:59] [PrivateNet] Block 6662 / 6663
[I 180310 20:18:09 api-server:59] [PrivateNet] Block 6662 / 6663
[I 180310 20:18:24 api-server:59] [PrivateNet] Block 6663 / 6664
[I 180310 20:18:39 api-server:59] [PrivateNet] Block 6664 / 6665
[I 180310 20:18:54 api-server:59] [PrivateNet] Block 6664 / 6665
[I 180310 20:19:09 api-server:59] [PrivateNet] Block 6664 / 6666
[I 180310 20:19:24 api-server:59] [PrivateNet] Block 6665 / 6666
[I 180310 20:19:39 api-server:59] [PrivateNet] Block 6666 / 6667
[I 180310 20:19:54 api-server:59] [PrivateNet] Block 6667 / 6668
[I 180310 20:20:09 api-server:59] [PrivateNet] Block 6667 / 6669
[I 180310 20:20:24 api-server:59] [PrivateNet] Block 6668 / 6669
[I 180310 20:20:39 api-server:59] [PrivateNet] Block 6668 / 6669
[I 180310 20:20:54 api-server:59] [PrivateNet] Block 6668 / 6670
[I 180310 20:21:09 api-server:59] [PrivateNet] Block 6669 / 6671
[I 180310 20:21:24 api-server:59] [PrivateNet] Block 6671 / 6672
[I 180310 20:21:39 api-server:59] [PrivateNet] Block 6671 / 6673
[I 180310 20:21:54 api-server:59] [PrivateNet] Block 6672 / 6673
[I 180310 20:22:09 api-server:59] [PrivateNet] Block 6672 / 6673
[I 180310 20:22:24 api-server:59] [PrivateNet] Block 6673 / 6674
[I 180310 20:22:39 api-server:59] [PrivateNet] Block 6674 / 6675
[I 180310 20:22:54 api-server:59] [PrivateNet] Block 6674 / 6675
[I 180310 20:23:09 api-server:59] [PrivateNet] Block 6675 / 6676
[I 180310 20:23:24 api-server:59] [PrivateNet] Block 6676 / 6677
[I 180310 20:23:39 api-server:59] [PrivateNet] Block 6676 / 6677
[I 180310 20:23:54 api-server:59] [PrivateNet] Block 6677 / 6678
[I 180310 20:24:09 api-server:59] [PrivateNet] Block 6677 / 6679
[I 180310 20:24:24 api-server:59] [PrivateNet] Block 6678 / 6680
[I 180310 20:24:39 api-server:59] [PrivateNet] Block 6679 / 6680
[I 180310 20:24:54 api-server:59] [PrivateNet] Block 6680 / 6681
[I 180310 20:25:09 api-server:59] [PrivateNet] Block 6680 / 6681
[I 180310 20:25:24 api-server:59] [PrivateNet] Block 6681 / 6682
[I 180310 20:25:39 api-server:59] [PrivateNet] Block 6681 / 6682
[I 180310 20:25:54 api-server:59] [PrivateNet] Block 6682 / 6683
[I 180310 20:26:09 api-server:59] [PrivateNet] Block 6683 / 6684
[I 180310 20:26:24 api-server:59] [PrivateNet] Block 6684 / 6685
[I 180310 20:26:39 api-server:59] [PrivateNet] Block 6684 / 6685
[I 180310 20:26:54 api-server:59] [PrivateNet] Block 6684 / 6685
[I 180310 20:27:09 api-server:59] [PrivateNet] Block 6685 / 6687
[I 180310 20:27:24 api-server:59] [PrivateNet] Block 6686 / 6687
[I 180310 20:27:39 api-server:59] [PrivateNet] Block 6687 / 6688
[I 180310 20:27:54 api-server:59] [PrivateNet] Block 6688 / 6689
[I 180310 20:28:09 api-server:59] [PrivateNet] Block 6688 / 6689
[I 180310 20:28:24 api-server:59] [PrivateNet] Block 6688 / 6689
[I 180310 20:28:39 api-server:59] [PrivateNet] Block 6689 / 6690
[I 180310 20:28:54 api-server:59] [PrivateNet] Block 6690 / 6691
[I 180310 20:29:09 api-server:59] [PrivateNet] Block 6691 / 6692
[I 180310 20:29:24 api-server:59] [PrivateNet] Block 6691 / 6693
[I 180310 20:29:39 api-server:59] [PrivateNet] Block 6692 / 6693
[I 180310 20:29:54 api-server:59] [PrivateNet] Block 6692 / 6693
[I 180310 20:30:09 api-server:59] [PrivateNet] Block 6693 / 6694
[I 180310 20:30:24 api-server:59] [PrivateNet] Block 6694 / 6695
[I 180310 20:30:52 NotificationDB:76] Created Notification DB At /root/neo-python/Chains/Priv_Notif 
[I 180310 20:30:52 api-server:59] [PrivateNet] Block 6694 / 6695
[I 180310 20:30:52 api-server:132] Starting json-rpc api server on http://0.0.0.0:10332
[I 180310 20:30:52 api-server:138] Starting notification api server on http://0.0.0.0:9090
[I 180310 20:31:00 NotificationRestApi:140] Could not get notifications for contract Af1fXpui4RYxEAAdKZJKHksZiMtwHy1on2 
[I 180310 20:31:07 api-server:59] [PrivateNet] Block 6694 / 6697
[I 180310 20:31:22 api-server:59] [PrivateNet] Block 6696 / 6697
[I 180310 20:31:37 api-server:59] [PrivateNet] Block 6696 / 6698
[I 180310 20:31:52 api-server:59] [PrivateNet] Block 6697 / 6698
[I 180310 20:32:07 api-server:59] [PrivateNet] Block 6698 / 6699
[I 180310 20:32:22 api-server:59] [PrivateNet] Block 6698 / 6700
[I 180310 20:32:37 api-server:59] [PrivateNet] Block 6699 / 6701
[I 180310 20:32:50 NotificationRestApi:140] Could not get notifications for contract 65bc18944450249f6658acc0a7ab81f5769ae6fe1 
[I 180310 20:32:52 api-server:59] [PrivateNet] Block 6700 / 6701
[I 180310 20:33:07 api-server:59] [PrivateNet] Block 6700 / 6701
[I 180310 20:33:22 api-server:59] [PrivateNet] Block 6701 / 6702
[I 180310 20:33:37 api-server:59] [PrivateNet] Block 6702 / 6703
[I 180310 20:33:52 api-server:59] [PrivateNet] Block 6702 / 6704
[I 180310 20:34:07 api-server:59] [PrivateNet] Block 6703 / 6705
[I 180310 20:34:22 api-server:59] [PrivateNet] Block 6704 / 6705
[I 180310 20:34:37 api-server:59] [PrivateNet] Block 6704 / 6705
[I 180310 20:34:52 api-server:59] [PrivateNet] Block 6705 / 6706
[I 180310 20:35:07 api-server:59] [PrivateNet] Block 6705 / 6707
[I 180310 20:35:22 api-server:59] [PrivateNet] Block 6706 / 6707
[I 180310 20:35:37 api-server:59] [PrivateNet] Block 6707 / 6708
[I 180310 20:35:52 api-server:59] [PrivateNet] Block 6707 / 6709
[I 180310 20:36:07 api-server:59] [PrivateNet] Block 6708 / 6709
[I 180310 20:36:22 api-server:59] [PrivateNet] Block 6708 / 6710
[I 180310 20:36:37 api-server:59] [PrivateNet] Block 6709 / 6710
[I 180310 20:36:52 api-server:59] [PrivateNet] Block 6709 / 6711
[I 180310 20:37:07 api-server:59] [PrivateNet] Block 6711 / 6712
[I 180310 20:37:22 api-server:59] [PrivateNet] Block 6712 / 6713
[I 180310 20:37:37 api-server:59] [PrivateNet] Block 6712 / 6713
[I 180310 20:37:52 api-server:59] [PrivateNet] Block 6712 / 6713
[I 180310 20:38:07 api-server:59] [PrivateNet] Block 6713 / 6714
[I 180310 20:38:22 api-server:59] [PrivateNet] Block 6714 / 6715
[I 180310 20:38:37 api-server:59] [PrivateNet] Block 6714 / 6715
[I 180310 20:38:52 api-server:59] [PrivateNet] Block 6715 / 6716
[I 180310 20:39:07 api-server:59] [PrivateNet] Block 6716 / 6717
[I 180310 20:39:22 api-server:59] [PrivateNet] Block 6716 / 6717
[I 180310 20:39:37 api-server:59] [PrivateNet] Block 6716 / 6717
[I 180310 20:39:52 api-server:59] [PrivateNet] Block 6717 / 6718
[I 180310 20:40:07 api-server:59] [PrivateNet] Block 6718 / 6719
[I 180310 20:40:22 api-server:59] [PrivateNet] Block 6718 / 6720
[I 180310 20:40:37 api-server:59] [PrivateNet] Block 6719 / 6720
[I 180310 20:40:52 api-server:59] [PrivateNet] Block 6720 / 6721
[I 180310 20:41:07 api-server:59] [PrivateNet] Block 6720 / 6721
[I 180310 20:41:22 api-server:59] [PrivateNet] Block 6720 / 6722
[I 180310 20:41:37 api-server:59] [PrivateNet] Block 6721 / 6722
[I 180310 20:41:52 api-server:59] [PrivateNet] Block 6722 / 6724
[I 180310 20:42:07 api-server:59] [PrivateNet] Block 6723 / 6724
[I 180310 20:42:23 api-server:59] [PrivateNet] Block 6723 / 6725
[I 180310 20:42:38 api-server:59] [PrivateNet] Block 6724 / 6725
[I 180310 20:42:53 api-server:59] [PrivateNet] Block 6724 / 6725
[I 180310 20:43:08 api-server:59] [PrivateNet] Block 6724 / 6726
[I 180310 20:43:23 api-server:59] [PrivateNet] Block 6725 / 6727
[I 180310 20:43:38 api-server:59] [PrivateNet] Block 6726 / 6727
[I 180310 20:43:53 api-server:59] [PrivateNet] Block 6727 / 6728
[I 180310 20:44:08 api-server:59] [PrivateNet] Block 6727 / 6729
[I 180310 20:44:23 api-server:59] [PrivateNet] Block 6728 / 6729
[I 180310 20:44:38 api-server:59] [PrivateNet] Block 6728 / 6729
[I 180310 20:44:53 api-server:59] [PrivateNet] Block 6729 / 6730
[I 180310 20:45:08 api-server:59] [PrivateNet] Block 6729 / 6731
[I 180310 20:45:23 api-server:59] [PrivateNet] Block 6731 / 6732
[I 180310 20:45:38 api-server:59] [PrivateNet] Block 6732 / 6733
[I 180310 20:45:53 api-server:59] [PrivateNet] Block 6732 / 6733
[I 180310 20:46:08 api-server:59] [PrivateNet] Block 6732 / 6733
[I 180310 20:46:23 api-server:59] [PrivateNet] Block 6733 / 6734
[I 180310 20:46:38 api-server:59] [PrivateNet] Block 6734 / 6735
[I 180310 20:46:53 api-server:59] [PrivateNet] Block 6735 / 6736
[I 180310 20:47:08 api-server:59] [PrivateNet] Block 6735 / 6736
[I 180310 20:47:23 api-server:59] [PrivateNet] Block 6736 / 6737
[I 180310 20:47:38 api-server:59] [PrivateNet] Block 6736 / 6737
[I 180310 20:47:53 api-server:59] [PrivateNet] Block 6736 / 6738
[I 180310 20:48:08 api-server:59] [PrivateNet] Block 6737 / 6738
[I 180310 20:48:23 api-server:59] [PrivateNet] Block 6738 / 6739
[I 180310 20:48:38 api-server:59] [PrivateNet] Block 6739 / 6740
[I 180310 20:48:53 api-server:59] [PrivateNet] Block 6739 / 6741
[I 180310 20:49:08 api-server:59] [PrivateNet] Block 6740 / 6741
[I 180310 20:49:23 api-server:59] [PrivateNet] Block 6740 / 6742
[I 180310 20:49:38 api-server:59] [PrivateNet] Block 6741 / 6742
[I 180310 20:49:53 api-server:59] [PrivateNet] Block 6742 / 6743
[I 180310 20:50:08 api-server:59] [PrivateNet] Block 6742 / 6744
[I 180310 20:50:23 api-server:59] [PrivateNet] Block 6744 / 6745
[I 180310 20:50:38 api-server:59] [PrivateNet] Block 6744 / 6745
[I 180310 20:50:53 api-server:59] [PrivateNet] Block 6744 / 6745
[I 180310 20:51:08 api-server:59] [PrivateNet] Block 6745 / 6746
[I 180310 20:51:23 api-server:59] [PrivateNet] Block 6746 / 6747
[I 180310 20:51:38 api-server:59] [PrivateNet] Block 6747 / 6748
[I 180310 20:51:53 api-server:59] [PrivateNet] Block 6747 / 6748
[I 180310 20:52:08 api-server:59] [PrivateNet] Block 6748 / 6749
[I 180310 20:52:23 api-server:59] [PrivateNet] Block 6748 / 6749
[I 180310 20:52:38 api-server:59] [PrivateNet] Block 6749 / 6750
[I 180310 20:52:53 api-server:59] [PrivateNet] Block 6749 / 6751
[I 180310 20:53:08 api-server:59] [PrivateNet] Block 6750 / 6751
[I 180310 20:53:23 api-server:59] [PrivateNet] Block 6751 / 6752
[I 180310 20:53:38 api-server:59] [PrivateNet] Block 6751 / 6753
[I 180310 20:53:53 api-server:59] [PrivateNet] Block 6752 / 6753
[I 180310 20:54:08 api-server:59] [PrivateNet] Block 6752 / 6754
[I 180310 20:54:23 api-server:59] [PrivateNet] Block 6753 / 6754
[I 180310 20:54:38 api-server:59] [PrivateNet] Block 6754 / 6755
[I 180310 20:54:53 api-server:59] [PrivateNet] Block 6755 / 6756
[I 180310 20:55:08 api-server:59] [PrivateNet] Block 6756 / 6757
[I 180310 20:55:23 api-server:59] [PrivateNet] Block 6756 / 6757
[I 180310 20:55:38 api-server:59] [PrivateNet] Block 6756 / 6757
[I 180310 20:55:53 api-server:59] [PrivateNet] Block 6757 / 6758
[I 180310 20:56:08 api-server:59] [PrivateNet] Block 6758 / 6759
[I 180310 20:56:23 api-server:59] [PrivateNet] Block 6759 / 6760
[I 180310 20:56:38 api-server:59] [PrivateNet] Block 6759 / 6761
[I 180310 20:56:53 api-server:59] [PrivateNet] Block 6760 / 6761
[I 180310 20:57:08 api-server:59] [PrivateNet] Block 6760 / 6761
[I 180310 20:57:23 api-server:59] [PrivateNet] Block 6761 / 6762
[I 180310 20:57:38 api-server:59] [PrivateNet] Block 6762 / 6763
[I 180310 20:57:54 api-server:59] [PrivateNet] Block 6762 / 6764
[I 180310 20:58:09 api-server:59] [PrivateNet] Block 6763 / 6765
[I 180310 20:58:24 api-server:59] [PrivateNet] Block 6764 / 6765
[I 180310 20:58:39 api-server:59] [PrivateNet] Block 6764 / 6765
[I 180310 20:58:54 api-server:59] [PrivateNet] Block 6765 / 6766
[I 180310 20:59:09 api-server:59] [PrivateNet] Block 6766 / 6767
[I 180310 20:59:24 api-server:59] [PrivateNet] Block 6766 / 6768
[I 180310 20:59:39 api-server:59] [PrivateNet] Block 6767 / 6768
[I 180310 20:59:54 api-server:59] [PrivateNet] Block 6768 / 6769
[I 180310 21:00:09 api-server:59] [PrivateNet] Block 6768 / 6769
[I 180310 21:00:24 api-server:59] [PrivateNet] Block 6769 / 6770
[I 180310 21:00:39 api-server:59] [PrivateNet] Block 6769 / 6770
[I 180310 21:00:54 api-server:59] [PrivateNet] Block 6770 / 6771
[I 180310 21:01:09 api-server:59] [PrivateNet] Block 6771 / 6772
[I 180310 21:01:24 api-server:59] [PrivateNet] Block 6771 / 6773
[I 180310 21:01:39 api-server:59] [PrivateNet] Block 6772 / 6773
[I 180310 21:01:54 api-server:59] [PrivateNet] Block 6773 / 6774
[I 180310 21:02:09 api-server:59] [PrivateNet] Block 6774 / 6775
[I 180310 21:02:24 api-server:59] [PrivateNet] Block 6774 / 6775
[I 180310 21:02:39 api-server:59] [PrivateNet] Block 6775 / 6776
[I 180310 21:02:54 api-server:59] [PrivateNet] Block 6776 / 6777
[I 180310 21:03:09 api-server:59] [PrivateNet] Block 6776 / 6777
[I 180310 21:03:24 api-server:59] [PrivateNet] Block 6776 / 6778
[I 180310 21:03:39 api-server:59] [PrivateNet] Block 6777 / 6778
[I 180310 21:03:54 api-server:59] [PrivateNet] Block 6778 / 6779
[I 180310 21:04:09 api-server:59] [PrivateNet] Block 6778 / 6780
[I 180310 21:04:24 api-server:59] [PrivateNet] Block 6779 / 6781
[I 180310 21:04:39 api-server:59] [PrivateNet] Block 6780 / 6781
[I 180310 21:04:54 api-server:59] [PrivateNet] Block 6780 / 6782
[I 180310 21:05:09 api-server:59] [PrivateNet] Block 6781 / 6782
[I 180310 21:05:24 api-server:59] [PrivateNet] Block 6782 / 6783
[I 180310 21:05:39 api-server:59] [PrivateNet] Block 6783 / 6784
[I 180310 21:05:54 api-server:59] [PrivateNet] Block 6784 / 6785
[I 180310 21:06:09 api-server:59] [PrivateNet] Block 6784 / 6785
[I 180310 21:06:24 api-server:59] [PrivateNet] Block 6784 / 6785
[I 180310 21:06:39 api-server:59] [PrivateNet] Block 6785 / 6786
[I 180310 21:06:54 api-server:59] [PrivateNet] Block 6786 / 6787
[I 180310 21:07:09 api-server:59] [PrivateNet] Block 6786 / 6788
[I 180310 21:07:24 api-server:59] [PrivateNet] Block 6787 / 6788
[I 180310 21:07:39 api-server:59] [PrivateNet] Block 6788 / 6789
[I 180310 21:07:54 api-server:59] [PrivateNet] Block 6788 / 6789
[I 180310 21:08:09 api-server:59] [PrivateNet] Block 6788 / 6790
[I 180310 21:08:24 api-server:59] [PrivateNet] Block 6789 / 6790
[I 180310 21:08:39 api-server:59] [PrivateNet] Block 6790 / 6791
[I 180310 21:08:54 api-server:59] [PrivateNet] Block 6790 / 6792
[I 180310 21:09:09 api-server:59] [PrivateNet] Block 6791 / 6793
[I 180310 21:09:24 api-server:59] [PrivateNet] Block 6792 / 6793
[I 180310 21:09:39 api-server:59] [PrivateNet] Block 6793 / 6794
[I 180310 21:09:54 api-server:59] [PrivateNet] Block 6793 / 6794
[I 180310 21:10:09 api-server:59] [PrivateNet] Block 6794 / 6795
[I 180310 21:10:24 api-server:59] [PrivateNet] Block 6795 / 6796
[I 180310 21:10:39 api-server:59] [PrivateNet] Block 6796 / 6797
[I 180310 21:10:54 api-server:59] [PrivateNet] Block 6796 / 6797
[I 180310 21:11:09 api-server:59] [PrivateNet] Block 6796 / 6797
[I 180310 21:11:24 api-server:59] [PrivateNet] Block 6797 / 6798
[I 180310 21:11:39 api-server:59] [PrivateNet] Block 6798 / 6799
[I 180310 21:11:54 api-server:59] [PrivateNet] Block 6798 / 6799
[I 180310 21:12:09 api-server:59] [PrivateNet] Block 6799 / 6800
[I 180310 21:12:24 api-server:59] [PrivateNet] Block 6800 / 6801
[I 180310 21:12:39 api-server:59] [PrivateNet] Block 6800 / 6801
[I 180310 21:12:54 api-server:59] [PrivateNet] Block 6800 / 6801
[I 180310 21:13:09 api-server:59] [PrivateNet] Block 6801 / 6803
[I 180310 21:13:24 api-server:59] [PrivateNet] Block 6802 / 6803
[I 180310 21:13:39 api-server:59] [PrivateNet] Block 6803 / 6804
[I 180310 21:13:54 api-server:59] [PrivateNet] Block 6803 / 6805
[I 180310 21:14:09 api-server:59] [PrivateNet] Block 6804 / 6805
[I 180310 21:14:24 api-server:59] [PrivateNet] Block 6805 / 6806
[I 180310 21:14:39 api-server:59] [PrivateNet] Block 6805 / 6806
[I 180310 21:14:54 api-server:59] [PrivateNet] Block 6806 / 6807
[I 180310 21:15:09 api-server:59] [PrivateNet] Block 6807 / 6808
[I 180310 21:15:24 api-server:59] [PrivateNet] Block 6808 / 6809
[I 180310 21:15:39 api-server:59] [PrivateNet] Block 6808 / 6809
[I 180310 21:15:54 api-server:59] [PrivateNet] Block 6808 / 6809
[I 180310 21:16:09 api-server:59] [PrivateNet] Block 6809 / 6810
[I 180310 21:16:24 api-server:59] [PrivateNet] Block 6810 / 6811
[I 180310 21:16:39 api-server:59] [PrivateNet] Block 6810 / 6811
[I 180310 21:16:54 api-server:59] [PrivateNet] Block 6811 / 6812
[I 180310 21:17:09 api-server:59] [PrivateNet] Block 6812 / 6813
[I 180310 21:17:24 api-server:59] [PrivateNet] Block 6812 / 6813
[I 180310 21:17:39 api-server:59] [PrivateNet] Block 6812 / 6813
[I 180310 21:17:54 api-server:59] [PrivateNet] Block 6813 / 6814
[I 180310 21:18:09 api-server:59] [PrivateNet] Block 6814 / 6815
[I 180310 21:18:24 api-server:59] [PrivateNet] Block 6814 / 6816
[I 180310 21:18:39 api-server:59] [PrivateNet] Block 6815 / 6816
[I 180310 21:18:54 api-server:59] [PrivateNet] Block 6816 / 6817
[I 180310 21:19:09 api-server:59] [PrivateNet] Block 6816 / 6817
[I 180310 21:19:24 api-server:59] [PrivateNet] Block 6816 / 6818
[I 180310 21:19:39 api-server:59] [PrivateNet] Block 6817 / 6818
[I 180310 21:19:54 api-server:59] [PrivateNet] Block 6818 / 6819
[I 180310 21:20:10 api-server:59] [PrivateNet] Block 6819 / 6820
[I 180310 21:20:25 api-server:59] [PrivateNet] Block 6819 / 6821
[I 180310 21:20:40 api-server:59] [PrivateNet] Block 6820 / 6821
[I 180310 21:20:55 api-server:59] [PrivateNet] Block 6820 / 6821
[I 180310 21:21:10 api-server:59] [PrivateNet] Block 6821 / 6822
[I 180310 21:21:25 api-server:59] [PrivateNet] Block 6821 / 6823
[I 180310 21:21:40 api-server:59] [PrivateNet] Block 6822 / 6823
[I 180310 21:21:55 api-server:59] [PrivateNet] Block 6823 / 6824
[I 180310 21:22:10 api-server:59] [PrivateNet] Block 6823 / 6825
[I 180310 21:22:25 api-server:59] [PrivateNet] Block 6824 / 6825
[I 180310 21:22:40 api-server:59] [PrivateNet] Block 6824 / 6825
[I 180310 21:22:55 api-server:59] [PrivateNet] Block 6825 / 6826
[I 180310 21:23:10 api-server:59] [PrivateNet] Block 6825 / 6827
[I 180310 21:23:25 api-server:59] [PrivateNet] Block 6826 / 6828
[I 180310 21:23:40 api-server:59] [PrivateNet] Block 6827 / 6828
[I 180310 21:23:55 api-server:59] [PrivateNet] Block 6828 / 6829
[I 180310 21:24:10 api-server:59] [PrivateNet] Block 6828 / 6829
[I 180310 21:24:25 api-server:59] [PrivateNet] Block 6828 / 6830
[I 180310 21:24:40 api-server:59] [PrivateNet] Block 6829 / 6830
[I 180310 21:24:55 api-server:59] [PrivateNet] Block 6830 / 6831
[I 180310 21:25:10 api-server:59] [PrivateNet] Block 6831 / 6832
[I 180310 21:25:25 api-server:59] [PrivateNet] Block 6832 / 6833
[I 180310 21:25:40 api-server:59] [PrivateNet] Block 6832 / 6833
[I 180310 21:25:55 api-server:59] [PrivateNet] Block 6832 / 6834
[I 180310 21:26:10 api-server:59] [PrivateNet] Block 6833 / 6834
[I 180310 21:26:25 api-server:59] [PrivateNet] Block 6834 / 6835
[I 180310 21:26:40 api-server:59] [PrivateNet] Block 6834 / 6835
[I 180310 21:26:55 api-server:59] [PrivateNet] Block 6835 / 6836
[I 180310 21:27:10 api-server:59] [PrivateNet] Block 6836 / 6837
[I 180310 21:27:25 api-server:59] [PrivateNet] Block 6836 / 6837
[I 180310 21:27:40 api-server:59] [PrivateNet] Block 6836 / 6838
[I 180310 21:27:55 api-server:59] [PrivateNet] Block 6837 / 6839
[I 180310 21:28:10 api-server:59] [PrivateNet] Block 6838 / 6839
[I 180310 21:28:25 api-server:59] [PrivateNet] Block 6839 / 6840
[I 180310 21:28:40 api-server:59] [PrivateNet] Block 6839 / 6841
[I 180310 21:28:55 api-server:59] [PrivateNet] Block 6840 / 6841
[I 180310 21:29:10 api-server:59] [PrivateNet] Block 6840 / 6842
[I 180310 21:29:25 api-server:59] [PrivateNet] Block 6841 / 6842
[I 180310 21:29:40 api-server:59] [PrivateNet] Block 6842 / 6843
[I 180310 21:29:55 api-server:59] [PrivateNet] Block 6843 / 6844
[I 180310 21:30:10 api-server:59] [PrivateNet] Block 6843 / 6845
[I 180310 21:30:25 api-server:59] [PrivateNet] Block 6844 / 6845
[I 180310 21:30:40 api-server:59] [PrivateNet] Block 6844 / 6845
[I 180310 21:30:55 api-server:59] [PrivateNet] Block 6845 / 6846
[I 180310 21:31:10 api-server:59] [PrivateNet] Block 6845 / 6847
[I 180310 21:31:25 api-server:59] [PrivateNet] Block 6846 / 6847
[I 180310 21:31:40 api-server:59] [PrivateNet] Block 6847 / 6848
[I 180310 21:31:55 api-server:59] [PrivateNet] Block 6848 / 6849
[I 180310 21:32:10 api-server:59] [PrivateNet] Block 6848 / 6849
[I 180310 21:32:25 api-server:59] [PrivateNet] Block 6849 / 6850
[I 180310 21:32:40 api-server:59] [PrivateNet] Block 6849 / 6851
[I 180310 21:32:55 api-server:59] [PrivateNet] Block 6850 / 6851
[I 180310 21:33:10 api-server:59] [PrivateNet] Block 6851 / 6852
[I 180310 21:33:25 api-server:59] [PrivateNet] Block 6852 / 6853
[I 180310 21:33:40 api-server:59] [PrivateNet] Block 6852 / 6853
[I 180310 21:33:55 api-server:59] [PrivateNet] Block 6852 / 6853
[I 180310 21:34:10 api-server:59] [PrivateNet] Block 6853 / 6854
[I 180310 21:34:25 api-server:59] [PrivateNet] Block 6854 / 6855
[I 180310 21:34:40 api-server:59] [PrivateNet] Block 6854 / 6856
[I 180310 21:34:55 api-server:59] [PrivateNet] Block 6856 / 6857
[I 180310 21:35:10 api-server:59] [PrivateNet] Block 6856 / 6857
[I 180310 21:35:25 api-server:59] [PrivateNet] Block 6856 / 6857
[I 180310 21:35:40 api-server:59] [PrivateNet] Block 6857 / 6858
[I 180310 21:35:55 api-server:59] [PrivateNet] Block 6857 / 6859
[I 180310 21:36:10 api-server:59] [PrivateNet] Block 6858 / 6860
[I 180310 21:36:25 api-server:59] [PrivateNet] Block 6859 / 6860
[I 180310 21:36:40 api-server:59] [PrivateNet] Block 6860 / 6861
[I 180310 21:36:55 api-server:59] [PrivateNet] Block 6860 / 6861
[I 180310 21:37:10 api-server:59] [PrivateNet] Block 6861 / 6862
[I 180310 21:37:25 api-server:59] [PrivateNet] Block 6862 / 6863
[I 180310 21:37:40 api-server:59] [PrivateNet] Block 6863 / 6864
[I 180310 21:37:55 api-server:59] [PrivateNet] Block 6863 / 6864
[I 180310 21:38:10 api-server:59] [PrivateNet] Block 6864 / 6865
[I 180310 21:38:25 api-server:59] [PrivateNet] Block 6864 / 6865
[I 180310 21:38:40 api-server:59] [PrivateNet] Block 6864 / 6866
[I 180310 21:38:55 api-server:59] [PrivateNet] Block 6865 / 6866
[I 180310 21:39:10 api-server:59] [PrivateNet] Block 6866 / 6868
[I 180310 21:39:25 api-server:59] [PrivateNet] Block 6867 / 6868
[I 180310 21:39:40 api-server:59] [PrivateNet] Block 6868 / 6869
[I 180310 21:39:55 api-server:59] [PrivateNet] Block 6868 / 6869
[I 180310 21:40:10 api-server:59] [PrivateNet] Block 6869 / 6870
[I 180310 21:40:25 api-server:59] [PrivateNet] Block 6869 / 6870
[I 180310 21:40:40 api-server:59] [PrivateNet] Block 6870 / 6871
[I 180310 21:40:55 api-server:59] [PrivateNet] Block 6871 / 6872
[I 180310 21:41:10 api-server:59] [PrivateNet] Block 6871 / 6873
[I 180310 21:41:25 api-server:59] [PrivateNet] Block 6872 / 6873
[I 180310 21:41:40 api-server:59] [PrivateNet] Block 6872 / 6874
[I 180310 21:41:55 api-server:59] [PrivateNet] Block 6873 / 6874
[I 180310 21:42:10 api-server:59] [PrivateNet] Block 6874 / 6875
[I 180310 21:42:25 api-server:59] [PrivateNet] Block 6875 / 6876
[I 180310 21:42:40 api-server:59] [PrivateNet] Block 6876 / 6877
[I 180310 21:42:55 api-server:59] [PrivateNet] Block 6876 / 6877
[I 180310 21:43:11 api-server:59] [PrivateNet] Block 6876 / 6877
[I 180310 21:43:26 api-server:59] [PrivateNet] Block 6877 / 6878
[I 180310 21:43:41 api-server:59] [PrivateNet] Block 6878 / 6879
[I 180310 21:43:56 api-server:59] [PrivateNet] Block 6879 / 6880
[I 180310 21:44:11 api-server:59] [PrivateNet] Block 6880 / 6881
[I 180310 21:44:26 api-server:59] [PrivateNet] Block 6880 / 6881
[I 180310 21:44:41 api-server:59] [PrivateNet] Block 6880 / 6881
[I 180310 21:44:56 api-server:59] [PrivateNet] Block 6881 / 6882
[I 180310 21:45:11 api-server:59] [PrivateNet] Block 6882 / 6883
[I 180310 21:45:26 api-server:59] [PrivateNet] Block 6883 / 6884
[I 180310 21:45:41 api-server:59] [PrivateNet] Block 6883 / 6885
[I 180310 21:45:56 api-server:59] [PrivateNet] Block 6884 / 6885
[I 180310 21:46:11 api-server:59] [PrivateNet] Block 6884 / 6885
[I 180310 21:46:26 api-server:59] [PrivateNet] Block 6885 / 6886
[I 180310 21:46:41 api-server:59] [PrivateNet] Block 6885 / 6887
[I 180310 21:46:56 api-server:59] [PrivateNet] Block 6886 / 6887
[I 180310 21:47:11 api-server:59] [PrivateNet] Block 6887 / 6888
[I 180310 21:47:26 api-server:59] [PrivateNet] Block 6887 / 6889
[I 180310 21:47:41 api-server:59] [PrivateNet] Block 6888 / 6889
[I 180310 21:47:56 api-server:59] [PrivateNet] Block 6889 / 6890
[I 180310 21:48:11 api-server:59] [PrivateNet] Block 6889 / 6891
[I 180310 21:48:26 api-server:59] [PrivateNet] Block 6890 / 6891
[I 180310 21:48:41 api-server:59] [PrivateNet] Block 6891 / 6892
[I 180310 21:48:56 api-server:59] [PrivateNet] Block 6892 / 6893
[I 180310 21:49:11 api-server:59] [PrivateNet] Block 6892 / 6893
[I 180310 21:49:26 api-server:59] [PrivateNet] Block 6892 / 6893
[I 180310 21:49:41 api-server:59] [PrivateNet] Block 6893 / 6894
[I 180310 21:59:59 NotificationDB:76] Created Notification DB At /root/neo-python/Chains/Priv_Notif 
[I 180310 21:59:59 api-server:59] [PrivateNet] Block 6918 / 6920
[I 180310 21:59:59 api-server:132] Starting json-rpc api server on http://0.0.0.0:10332
[I 180310 21:59:59 api-server:138] Starting notification api server on http://0.0.0.0:9090
[I 180310 22:00:14 api-server:59] [PrivateNet] Block 6920 / 6921
[I 180310 22:00:29 api-server:59] [PrivateNet] Block 6920 / 6921
[I 180310 22:00:44 api-server:59] [PrivateNet] Block 6921 / 6922
[I 180310 22:00:59 api-server:59] [PrivateNet] Block 6922 / 6923
[I 180310 22:01:14 api-server:59] [PrivateNet] Block 6923 / 6924
[I 180310 22:01:29 api-server:59] [PrivateNet] Block 6923 / 6924
[I 180310 22:01:44 api-server:59] [PrivateNet] Block 6924 / 6925
[I 180310 22:01:59 api-server:59] [PrivateNet] Block 6924 / 6925
[I 180310 22:02:14 api-server:59] [PrivateNet] Block 6925 / 6926
[I 180310 22:02:29 api-server:59] [PrivateNet] Block 6925 / 6926
[I 180310 22:02:44 api-server:59] [PrivateNet] Block 6926 / 6927
[I 180310 22:02:59 api-server:59] [PrivateNet] Block 6927 / 6928
[I 180310 22:03:14 api-server:59] [PrivateNet] Block 6927 / 6929
[I 180310 22:03:29 api-server:59] [PrivateNet] Block 6928 / 6929
[I 180310 22:03:44 api-server:59] [PrivateNet] Block 6929 / 6930
[I 180310 22:03:59 api-server:59] [PrivateNet] Block 6929 / 6931
[I 180310 22:04:14 api-server:59] [PrivateNet] Block 6930 / 6931
[I 180310 22:04:29 api-server:59] [PrivateNet] Block 6931 / 6932
[I 180310 22:36:48 NotificationDB:76] Created Notification DB At /root/neo-python/Chains/Priv_Notif 
[I 180310 22:36:48 api-server:59] [PrivateNet] Block 7013 / 7014
[I 180310 22:36:48 api-server:132] Starting json-rpc api server on http://0.0.0.0:10332
[I 180310 22:36:48 api-server:138] Starting notification api server on http://0.0.0.0:9090
[I 180310 22:37:03 api-server:59] [PrivateNet] Block 7013 / 7015
[I 180310 22:37:18 api-server:59] [PrivateNet] Block 7013 / 7015
[I 180310 22:37:33 api-server:59] [PrivateNet] Block 7015 / 7017
[I 180310 22:37:48 api-server:59] [PrivateNet] Block 7016 / 7017
[I 180310 22:38:03 api-server:59] [PrivateNet] Block 7017 / 7018
[I 180310 22:38:18 api-server:59] [PrivateNet] Block 7017 / 7018
[I 180310 22:38:33 api-server:59] [PrivateNet] Block 7018 / 7019
[I 180310 22:38:48 api-server:59] [PrivateNet] Block 7019 / 7020
[I 180310 22:39:03 api-server:59] [PrivateNet] Block 7019 / 7021
[I 180310 22:39:18 api-server:59] [PrivateNet] Block 7020 / 7021
[I 180310 22:39:33 api-server:59] [PrivateNet] Block 7020 / 7021
[I 180310 22:39:48 api-server:59] [PrivateNet] Block 7021 / 7022
[I 180310 22:40:03 api-server:59] [PrivateNet] Block 7021 / 7023
[I 180310 22:40:18 api-server:59] [PrivateNet] Block 7022 / 7023
[I 180310 22:40:33 api-server:59] [PrivateNet] Block 7023 / 7024
[I 180310 22:40:48 api-server:59] [PrivateNet] Block 7023 / 7025
[I 180310 22:41:03 api-server:59] [PrivateNet] Block 7024 / 7025
[I 180310 22:41:18 api-server:59] [PrivateNet] Block 7024 / 7026
[I 180310 22:41:33 api-server:59] [PrivateNet] Block 7025 / 7027
[I 180310 22:42:03 NotificationDB:76] Created Notification DB At /root/neo-python/Chains/Priv_Notif 
[I 180310 22:42:03 api-server:59] [PrivateNet] Block 7026 / 7027
[I 180310 22:42:03 api-server:132] Starting json-rpc api server on http://0.0.0.0:10332
[I 180310 22:42:03 api-server:138] Starting notification api server on http://0.0.0.0:9090
[I 180310 22:42:18 api-server:59] [PrivateNet] Block 7026 / 7029
[I 180310 22:42:33 api-server:59] [PrivateNet] Block 7028 / 7029
[I 180310 22:42:49 api-server:59] [PrivateNet] Block 7028 / 7030
[I 180310 22:43:04 api-server:59] [PrivateNet] Block 7029 / 7030
[I 180310 22:43:19 api-server:59] [PrivateNet] Block 7030 / 7031
[I 180310 22:43:34 api-server:59] [PrivateNet] Block 7030 / 7032
[I 180310 22:43:56 NotificationDB:76] Created Notification DB At /root/neo-python/Chains/Priv_Notif 
[I 180310 22:43:56 api-server:59] [PrivateNet] Block 7031 / 7032
[I 180310 22:43:56 api-server:132] Starting json-rpc api server on http://0.0.0.0:10332
[I 180310 22:43:56 api-server:138] Starting notification api server on http://0.0.0.0:9090
[I 180310 22:44:11 api-server:59] [PrivateNet] Block 7031 / 7033
[I 180310 22:44:26 api-server:59] [PrivateNet] Block 7031 / 7033
[I 180310 22:44:41 api-server:59] [PrivateNet] Block 7032 / 7034
[I 180310 22:44:56 api-server:59] [PrivateNet] Block 7034 / 7035
[I 180310 22:45:11 api-server:59] [PrivateNet] Block 7035 / 7036
[I 180310 22:45:26 api-server:59] [PrivateNet] Block 7035 / 7037
[I 180310 22:45:41 api-server:59] [PrivateNet] Block 7036 / 7037
[I 180310 22:45:56 api-server:59] [PrivateNet] Block 7037 / 7038
[I 180310 22:46:12 api-server:59] [PrivateNet] Block 7037 / 7039
[I 180310 22:46:27 api-server:59] [PrivateNet] Block 7038 / 7039
[I 180310 22:46:42 api-server:59] [PrivateNet] Block 7039 / 7040
[I 180310 22:46:57 api-server:59] [PrivateNet] Block 7040 / 7041
[I 180310 22:47:12 api-server:59] [PrivateNet] Block 7040 / 7041
[I 180310 22:47:27 api-server:59] [PrivateNet] Block 7040 / 7041
[I 180310 22:47:42 api-server:59] [PrivateNet] Block 7041 / 7042
[I 180310 22:48:06 NotificationDB:76] Created Notification DB At /root/neo-python/Chains/Priv_Notif 
[I 180310 22:48:06 api-server:59] [PrivateNet] Block 7041 / 7042
[I 180310 22:48:06 api-server:132] Starting json-rpc api server on http://0.0.0.0:10332
[I 180310 22:48:06 api-server:138] Starting notification api server on http://0.0.0.0:9090
[I 180310 22:48:21 api-server:59] [PrivateNet] Block 7041 / 7045
[I 180310 22:48:36 api-server:59] [PrivateNet] Block 7041 / 7045
[I 180310 22:48:51 api-server:59] [PrivateNet] Block 7044 / 7045
[I 180310 22:49:06 api-server:59] [PrivateNet] Block 7045 / 7046
[I 180310 22:49:42 NotificationDB:76] Created Notification DB At /root/neo-python/Chains/Priv_Notif 
[I 180310 22:49:42 api-server:59] [PrivateNet] Block 7046 / 7047
[I 180310 22:49:42 api-server:132] Starting json-rpc api server on http://0.0.0.0:10332
[I 180310 22:49:42 api-server:138] Starting notification api server on http://0.0.0.0:9090
[I 180310 22:49:57 api-server:59] [PrivateNet] Block 7046 / 7049
[I 180310 22:50:12 api-server:59] [PrivateNet] Block 7046 / 7049
[I 180310 22:50:27 api-server:59] [PrivateNet] Block 7048 / 7049
[I 180310 22:50:42 api-server:59] [PrivateNet] Block 7049 / 7050
[I 180310 22:50:46 LevelDBBlockchain:109] leveldb unavailable, you may already be running this process: b'IO error: lock /root/neo-python/./Chains/privnet/LOCK: Resource temporarily unavailable' 
[I 180310 22:51:13 NotificationDB:76] Created Notification DB At /root/neo-python/Chains/Priv_Notif 
[I 180310 22:51:13 api-server:59] [PrivateNet] Block 7049 / 7050
[I 180310 22:51:13 api-server:132] Starting json-rpc api server on http://0.0.0.0:10332
[I 180310 22:51:13 api-server:138] Starting notification api server on http://0.0.0.0:9090
[I 180310 22:51:28 api-server:59] [PrivateNet] Block 7049 / 7053
[I 180310 22:51:43 api-server:59] [PrivateNet] Block 7052 / 7053
[I 180310 22:51:58 api-server:59] [PrivateNet] Block 7052 / 7054
[I 180310 22:52:13 api-server:59] [PrivateNet] Block 7053 / 7054
[I 180310 22:53:00 LevelDBBlockchain:109] leveldb unavailable, you may already be running this process: b'IO error: lock /root/neo-python/./Chains/privnet/LOCK: Resource temporarily unavailable' 
[I 180310 22:53:39 NotificationDB:76] Created Notification DB At /root/neo-python/Chains/Priv_Notif 
[I 180310 22:53:39 api-server:59] [PrivateNet] Block 7053 / 7054
[I 180310 22:53:39 api-server:132] Starting json-rpc api server on http://0.0.0.0:10332
[I 180310 22:53:39 api-server:138] Starting notification api server on http://0.0.0.0:9090
[I 180310 22:53:54 api-server:59] [PrivateNet] Block 7053 / 7059
[I 180310 22:54:09 api-server:59] [PrivateNet] Block 7053 / 7059
[I 180310 22:54:24 api-server:59] [PrivateNet] Block 7059 / 7060
[I 180310 22:54:39 api-server:59] [PrivateNet] Block 7060 / 7061
[I 180310 22:54:54 api-server:59] [PrivateNet] Block 7060 / 7061
[I 180310 22:55:09 api-server:59] [PrivateNet] Block 7060 / 7061
[I 180310 22:55:24 api-server:59] [PrivateNet] Block 7061 / 7063
[I 180310 22:55:39 api-server:59] [PrivateNet] Block 7063 / 7064
[I 180310 22:55:54 api-server:59] [PrivateNet] Block 7064 / 7065
[I 180310 22:56:09 api-server:59] [PrivateNet] Block 7064 / 7065
[I 180310 22:56:24 api-server:59] [PrivateNet] Block 7064 / 7065
[I 180310 22:56:39 api-server:59] [PrivateNet] Block 7065 / 7066
[I 180310 22:56:54 api-server:59] [PrivateNet] Block 7066 / 7067
[I 180310 22:57:09 api-server:59] [PrivateNet] Block 7066 / 7067
[I 180310 22:57:24 api-server:59] [PrivateNet] Block 7067 / 7068
[I 180310 22:57:39 api-server:59] [PrivateNet] Block 7068 / 7069
[I 180310 22:57:54 api-server:59] [PrivateNet] Block 7068 / 7069
[I 180310 22:58:09 api-server:59] [PrivateNet] Block 7068 / 7069
[I 180310 22:58:24 api-server:59] [PrivateNet] Block 7070 / 7071
[I 180310 22:58:39 api-server:59] [PrivateNet] Block 7071 / 7072
[I 180310 22:58:54 api-server:59] [PrivateNet] Block 7071 / 7073
[I 180310 22:59:09 api-server:59] [PrivateNet] Block 7072 / 7073
[I 180310 22:59:24 api-server:59] [PrivateNet] Block 7072 / 7073
[I 180310 22:59:39 api-server:59] [PrivateNet] Block 7073 / 7074
[I 180310 22:59:54 api-server:59] [PrivateNet] Block 7073 / 7075
[I 180310 23:00:09 api-server:59] [PrivateNet] Block 7074 / 7075
[I 180310 23:00:24 api-server:59] [PrivateNet] Block 7075 / 7076
[I 180310 23:00:39 api-server:59] [PrivateNet] Block 7076 / 7077
[I 180310 23:00:54 api-server:59] [PrivateNet] Block 7076 / 7077
[I 180310 23:01:09 api-server:59] [PrivateNet] Block 7076 / 7077
[I 180310 23:01:24 api-server:59] [PrivateNet] Block 7077 / 7079
[I 180310 23:01:39 api-server:59] [PrivateNet] Block 7078 / 7080
[I 180310 23:01:54 api-server:59] [PrivateNet] Block 7079 / 7080
[I 180310 23:02:09 api-server:59] [PrivateNet] Block 7080 / 7081
[I 180310 23:02:37 NotificationDB:76] Created Notification DB At /root/neo-python/Chains/Priv_Notif 
[I 180310 23:02:37 api-server:59] [PrivateNet] Block 7080 / 7081
[I 180310 23:02:37 api-server:132] Starting json-rpc api server on http://0.0.0.0:10332
[I 180310 23:02:37 api-server:138] Starting notification api server on http://0.0.0.0:9090
[I 180310 23:02:52 api-server:59] [PrivateNet] Block 7080 / 7082
[I 180310 23:03:07 api-server:59] [PrivateNet] Block 7082 / 7083
[I 180310 23:03:22 api-server:59] [PrivateNet] Block 7083 / 7084
[I 180310 23:03:37 api-server:59] [PrivateNet] Block 7084 / 7085
[I 180310 23:03:52 api-server:59] [PrivateNet] Block 7084 / 7085
[I 180310 23:04:07 api-server:59] [PrivateNet] Block 7084 / 7085
[I 180310 23:04:22 api-server:59] [PrivateNet] Block 7085 / 7086
[I 180310 23:04:37 api-server:59] [PrivateNet] Block 7086 / 7087
[I 180310 23:05:07 NotificationDB:76] Created Notification DB At /root/neo-python/Chains/Priv_Notif 
[I 180310 23:05:07 api-server:59] [PrivateNet] Block 7087 / 7088
[I 180310 23:05:07 api-server:132] Starting json-rpc api server on http://0.0.0.0:10332
[I 180310 23:05:07 api-server:138] Starting notification api server on http://0.0.0.0:9090
[I 180310 23:05:22 api-server:59] [PrivateNet] Block 7087 / 7089
[I 180310 23:05:37 api-server:59] [PrivateNet] Block 7087 / 7089
[I 180310 23:05:52 api-server:59] [PrivateNet] Block 7088 / 7089
[I 180310 23:06:07 api-server:59] [PrivateNet] Block 7088 / 7090
[I 180310 23:06:22 api-server:59] [PrivateNet] Block 7089 / 7091
[I 180310 23:06:37 api-server:59] [PrivateNet] Block 7089 / 7091
[I 180310 23:07:08 NotificationDB:76] Created Notification DB At /root/neo-python/Chains/Priv_Notif 
[I 180310 23:07:08 api-server:59] [PrivateNet] Block 7091 / 7093
[I 180310 23:07:08 api-server:132] Starting json-rpc api server on http://0.0.0.0:10332
[I 180310 23:07:08 api-server:138] Starting notification api server on http://0.0.0.0:9090
[I 180310 23:07:23 api-server:59] [PrivateNet] Block 7093 / 7094
[I 180310 23:07:38 api-server:59] [PrivateNet] Block 7093 / 7094
[I 180310 23:07:53 api-server:59] [PrivateNet] Block 7094 / 7095
[I 180310 23:08:08 api-server:59] [PrivateNet] Block 7095 / 7096
[I 180310 23:08:23 api-server:59] [PrivateNet] Block 7096 / 7097
[I 180310 23:08:38 api-server:59] [PrivateNet] Block 7096 / 7097
[I 180310 23:08:53 api-server:59] [PrivateNet] Block 7096 / 7097
[I 180310 23:09:08 api-server:59] [PrivateNet] Block 7097 / 7098
[I 180310 23:09:23 api-server:59] [PrivateNet] Block 7097 / 7099
[I 180310 23:09:56 NotificationDB:76] Created Notification DB At /root/neo-python/Chains/Priv_Notif 
[I 180310 23:09:56 api-server:59] [PrivateNet] Block 7098 / 7099
[I 180310 23:09:56 api-server:132] Starting json-rpc api server on http://0.0.0.0:10332
[I 180310 23:09:56 api-server:138] Starting notification api server on http://0.0.0.0:9090
[I 180310 23:10:11 api-server:59] [PrivateNet] Block 7098 / 7101
[I 180310 23:10:26 api-server:59] [PrivateNet] Block 7100 / 7101
[I 180310 23:10:41 api-server:59] [PrivateNet] Block 7100 / 7102
[I 180310 23:10:56 api-server:59] [PrivateNet] Block 7101 / 7103
[I 180310 23:11:11 api-server:59] [PrivateNet] Block 7103 / 7104
[I 180310 23:11:26 api-server:59] [PrivateNet] Block 7103 / 7104
[I 180310 23:11:41 api-server:59] [PrivateNet] Block 7104 / 7105
[I 180310 23:11:56 api-server:59] [PrivateNet] Block 7104 / 7105
[I 180310 23:12:11 api-server:59] [PrivateNet] Block 7105 / 7106
[I 180310 23:12:26 api-server:59] [PrivateNet] Block 7105 / 7106
[I 180310 23:12:41 api-server:59] [PrivateNet] Block 7106 / 7107
[I 180310 23:12:56 api-server:59] [PrivateNet] Block 7107 / 7108
[I 180310 23:13:11 api-server:59] [PrivateNet] Block 7107 / 7109
[I 180310 23:13:26 api-server:59] [PrivateNet] Block 7108 / 7109
[I 180310 23:13:41 api-server:59] [PrivateNet] Block 7109 / 7110
[I 180310 23:13:57 api-server:59] [PrivateNet] Block 7109 / 7110
[I 180310 23:14:12 api-server:59] [PrivateNet] Block 7110 / 7111
[I 180310 23:14:37 NotificationDB:76] Created Notification DB At /root/neo-python/Chains/Priv_Notif 
[I 180310 23:14:37 api-server:59] [PrivateNet] Block 7110 / 7112
[I 180310 23:14:37 api-server:132] Starting json-rpc api server on http://0.0.0.0:10332
[I 180310 23:14:37 api-server:138] Starting notification api server on http://0.0.0.0:9090
[I 180310 23:14:52 api-server:59] [PrivateNet] Block 7112 / 7113
[I 180310 23:15:07 api-server:59] [PrivateNet] Block 7112 / 7113
[I 180310 23:15:22 api-server:59] [PrivateNet] Block 7112 / 7114
[I 180310 23:15:37 api-server:59] [PrivateNet] Block 7113 / 7114
[I 180310 23:15:52 api-server:59] [PrivateNet] Block 7114 / 7116
[I 180310 23:16:07 api-server:59] [PrivateNet] Block 7115 / 7116
[I 180310 23:16:22 api-server:59] [PrivateNet] Block 7116 / 7117
[I 180310 23:16:37 api-server:59] [PrivateNet] Block 7116 / 7117
[I 180310 23:16:52 api-server:59] [PrivateNet] Block 7116 / 7118
[I 180310 23:17:07 api-server:59] [PrivateNet] Block 7117 / 7118
[I 180310 23:17:22 api-server:59] [PrivateNet] Block 7117 / 7119
[I 180310 23:17:37 api-server:59] [PrivateNet] Block 7119 / 7120
[I 180310 23:17:52 api-server:59] [PrivateNet] Block 7120 / 7121
[I 180310 23:18:07 api-server:59] [PrivateNet] Block 7120 / 7121
[I 180310 23:18:22 api-server:59] [PrivateNet] Block 7120 / 7121
[I 180310 23:18:37 api-server:59] [PrivateNet] Block 7121 / 7122
[I 180310 23:18:52 api-server:59] [PrivateNet] Block 7121 / 7123
[I 180310 23:19:07 api-server:59] [PrivateNet] Block 7122 / 7124
[I 180310 23:19:22 api-server:59] [PrivateNet] Block 7123 / 7124
[I 180310 23:19:37 api-server:59] [PrivateNet] Block 7124 / 7125
[I 180310 23:19:52 api-server:59] [PrivateNet] Block 7124 / 7125
[I 180310 23:20:24 NotificationDB:76] Created Notification DB At /root/neo-python/Chains/Priv_Notif 
[I 180310 23:20:24 api-server:59] [PrivateNet] Block 7125 / 7126
[I 180310 23:20:24 api-server:132] Starting json-rpc api server on http://0.0.0.0:10332
[I 180310 23:20:24 api-server:138] Starting notification api server on http://0.0.0.0:9090
[I 180310 23:20:39 api-server:59] [PrivateNet] Block 7125 / 7128
[I 180310 23:20:54 api-server:59] [PrivateNet] Block 7125 / 7128
[I 180310 23:21:09 api-server:59] [PrivateNet] Block 7128 / 7129
[I 180310 23:21:24 api-server:59] [PrivateNet] Block 7128 / 7129
[I 180310 23:21:39 api-server:59] [PrivateNet] Block 7129 / 7130
[I 180310 23:21:54 api-server:59] [PrivateNet] Block 7129 / 7130
[I 180310 23:22:09 api-server:59] [PrivateNet] Block 7130 / 7131
[I 180310 23:22:24 api-server:59] [PrivateNet] Block 7131 / 7132
[I 180310 23:22:39 api-server:59] [PrivateNet] Block 7132 / 7133
[I 180310 23:23:45 NotificationDB:76] Created Notification DB At /root/neo-python/Chains/Priv_Notif 
[I 180310 23:23:45 api-server:59] [PrivateNet] Block 7132 / 7133
[I 180310 23:23:45 api-server:132] Starting json-rpc api server on http://0.0.0.0:10332
[I 180310 23:23:45 api-server:138] Starting notification api server on http://0.0.0.0:9090
[I 180310 23:24:00 api-server:59] [PrivateNet] Block 7132 / 7137
[I 180310 23:24:15 api-server:59] [PrivateNet] Block 7136 / 7137
[I 180310 23:24:30 api-server:59] [PrivateNet] Block 7136 / 7137
[I 180310 23:24:45 api-server:59] [PrivateNet] Block 7137 / 7138
[I 180310 23:25:00 api-server:59] [PrivateNet] Block 7138 / 7139
[I 180310 23:25:15 api-server:59] [PrivateNet] Block 7138 / 7139
[I 180310 23:25:30 api-server:59] [PrivateNet] Block 7139 / 7141
[I 180310 23:25:45 api-server:59] [PrivateNet] Block 7140 / 7141
[I 180310 23:26:00 api-server:59] [PrivateNet] Block 7140 / 7141
[I 180310 23:26:15 api-server:59] [PrivateNet] Block 7140 / 7142
[I 180310 23:26:30 api-server:59] [PrivateNet] Block 7141 / 7143
[I 180310 23:26:45 api-server:59] [PrivateNet] Block 7142 / 7144
[I 180310 23:27:00 api-server:59] [PrivateNet] Block 7143 / 7144
[I 180310 23:27:15 api-server:59] [PrivateNet] Block 7144 / 7145
[I 180310 23:27:30 api-server:59] [PrivateNet] Block 7144 / 7145
[I 180310 23:27:45 api-server:59] [PrivateNet] Block 7145 / 7146
[I 180310 23:28:00 api-server:59] [PrivateNet] Block 7145 / 7147
[I 180310 23:28:15 api-server:59] [PrivateNet] Block 7146 / 7147
[I 180310 23:28:30 api-server:59] [PrivateNet] Block 7147 / 7148
[I 180310 23:28:45 api-server:59] [PrivateNet] Block 7147 / 7149
[I 180310 23:29:00 api-server:59] [PrivateNet] Block 7148 / 7149
[I 180310 23:29:15 api-server:59] [PrivateNet] Block 7149 / 7150
[I 180310 23:29:30 api-server:59] [PrivateNet] Block 7149 / 7151
[I 180310 23:29:45 api-server:59] [PrivateNet] Block 7150 / 7151
[I 180310 23:30:00 api-server:59] [PrivateNet] Block 7151 / 7152
[I 180310 23:30:15 api-server:59] [PrivateNet] Block 7152 / 7153
[I 180310 23:30:30 api-server:59] [PrivateNet] Block 7152 / 7153
[I 180310 23:30:45 api-server:59] [PrivateNet] Block 7152 / 7154
[I 180310 23:31:00 api-server:59] [PrivateNet] Block 7153 / 7155
[I 180310 23:31:15 api-server:59] [PrivateNet] Block 7154 / 7156
[I 180310 23:31:30 api-server:59] [PrivateNet] Block 7155 / 7156
[I 180310 23:31:45 api-server:59] [PrivateNet] Block 7156 / 7157
[I 180310 23:32:00 api-server:59] [PrivateNet] Block 7156 / 7157
[I 180310 23:32:15 api-server:59] [PrivateNet] Block 7157 / 7158
[I 180310 23:32:30 api-server:59] [PrivateNet] Block 7157 / 7159
[I 180310 23:32:45 api-server:59] [PrivateNet] Block 7158 / 7159
[I 180310 23:33:00 api-server:59] [PrivateNet] Block 7159 / 7160
[I 180310 23:33:15 api-server:59] [PrivateNet] Block 7160 / 7161
[I 180310 23:33:30 api-server:59] [PrivateNet] Block 7160 / 7161
[I 180310 23:33:45 api-server:59] [PrivateNet] Block 7160 / 7162
[I 180310 23:34:00 api-server:59] [PrivateNet] Block 7162 / 7163
[I 180310 23:34:15 api-server:59] [PrivateNet] Block 7162 / 7163
[I 180310 23:34:30 api-server:59] [PrivateNet] Block 7163 / 7164
[I 180310 23:34:45 api-server:59] [PrivateNet] Block 7164 / 7165
[I 180310 23:35:00 api-server:59] [PrivateNet] Block 7164 / 7165
[I 180310 23:35:15 api-server:59] [PrivateNet] Block 7165 / 7166
[I 180310 23:35:30 api-server:59] [PrivateNet] Block 7165 / 7167
[I 180310 23:35:45 api-server:59] [PrivateNet] Block 7166 / 7167
[I 180310 23:36:00 api-server:59] [PrivateNet] Block 7167 / 7168
[I 180310 23:36:15 api-server:59] [PrivateNet] Block 7167 / 7169
[I 180310 23:36:30 api-server:59] [PrivateNet] Block 7168 / 7169
[I 180310 23:36:45 api-server:59] [PrivateNet] Block 7168 / 7170
[I 180310 23:37:00 api-server:59] [PrivateNet] Block 7169 / 7170
[I 180310 23:37:15 api-server:59] [PrivateNet] Block 7170 / 7171
[I 180310 23:37:30 api-server:59] [PrivateNet] Block 7171 / 7172
[I 180310 23:37:45 api-server:59] [PrivateNet] Block 7172 / 7173
[I 180310 23:38:00 api-server:59] [PrivateNet] Block 7172 / 7173
[I 180310 23:38:15 api-server:59] [PrivateNet] Block 7172 / 7174
[I 180310 23:38:30 api-server:59] [PrivateNet] Block 7173 / 7174
[I 180310 23:38:45 api-server:59] [PrivateNet] Block 7174 / 7175
[I 180310 23:39:00 api-server:59] [PrivateNet] Block 7175 / 7176
[I 180310 23:39:15 api-server:59] [PrivateNet] Block 7175 / 7177
[I 180310 23:39:30 api-server:59] [PrivateNet] Block 7176 / 7177
[I 180310 23:39:45 api-server:59] [PrivateNet] Block 7176 / 7177
[I 180310 23:40:00 api-server:59] [PrivateNet] Block 7177 / 7178
[I 180310 23:40:15 api-server:59] [PrivateNet] Block 7177 / 7179
[I 180310 23:40:30 api-server:59] [PrivateNet] Block 7178 / 7180
[I 180310 23:40:45 api-server:59] [PrivateNet] Block 7179 / 7181
[I 180310 23:41:00 api-server:59] [PrivateNet] Block 7180 / 7181
[I 180310 23:41:15 api-server:59] [PrivateNet] Block 7180 / 7181
[I 180310 23:41:30 api-server:59] [PrivateNet] Block 7181 / 7182
[I 180310 23:41:45 api-server:59] [PrivateNet] Block 7182 / 7183
[I 180310 23:42:00 api-server:59] [PrivateNet] Block 7183 / 7184
[I 180310 23:42:15 api-server:59] [PrivateNet] Block 7183 / 7184
[I 180310 23:42:30 api-server:59] [PrivateNet] Block 7184 / 7185
[I 180310 23:42:45 api-server:59] [PrivateNet] Block 7184 / 7185
[I 180310 23:43:00 api-server:59] [PrivateNet] Block 7185 / 7186
[I 180310 23:43:15 api-server:59] [PrivateNet] Block 7185 / 7186
[I 180310 23:43:30 api-server:59] [PrivateNet] Block 7186 / 7187
[I 180310 23:43:45 api-server:59] [PrivateNet] Block 7187 / 7188
[I 180310 23:44:00 api-server:59] [PrivateNet] Block 7187 / 7189
[I 180310 23:44:15 api-server:59] [PrivateNet] Block 7188 / 7189
[I 180310 23:44:30 api-server:59] [PrivateNet] Block 7188 / 7189
[I 180310 23:44:46 api-server:59] [PrivateNet] Block 7189 / 7190
[I 180310 23:45:01 api-server:59] [PrivateNet] Block 7189 / 7191
[I 180310 23:45:16 api-server:59] [PrivateNet] Block 7190 / 7191
[I 180310 23:45:31 api-server:59] [PrivateNet] Block 7191 / 7192
[I 180310 23:45:46 api-server:59] [PrivateNet] Block 7192 / 7193
[I 180310 23:46:01 api-server:59] [PrivateNet] Block 7192 / 7193
[I 180310 23:46:16 api-server:59] [PrivateNet] Block 7192 / 7193
[I 180310 23:46:31 api-server:59] [PrivateNet] Block 7193 / 7194
[I 180310 23:46:46 api-server:59] [PrivateNet] Block 7194 / 7195
[I 180310 23:47:01 api-server:59] [PrivateNet] Block 7194 / 7195
[I 180310 23:47:16 api-server:59] [PrivateNet] Block 7195 / 7196
[I 180310 23:47:31 api-server:59] [PrivateNet] Block 7196 / 7197
[I 180310 23:47:46 api-server:59] [PrivateNet] Block 7196 / 7197
[I 180310 23:48:01 api-server:59] [PrivateNet] Block 7196 / 7198
[I 180310 23:48:16 api-server:59] [PrivateNet] Block 7197 / 7198
[I 180310 23:48:31 api-server:59] [PrivateNet] Block 7198 / 7199
[I 180310 23:48:46 api-server:59] [PrivateNet] Block 7198 / 7200
[I 180310 23:49:01 api-server:59] [PrivateNet] Block 7199 / 7201
[I 180310 23:49:16 api-server:59] [PrivateNet] Block 7200 / 7201
[I 180310 23:49:31 api-server:59] [PrivateNet] Block 7200 / 7201
[I 180310 23:49:46 api-server:59] [PrivateNet] Block 7200 / 7202
[I 180310 23:50:01 api-server:59] [PrivateNet] Block 7201 / 7203
[I 180310 23:50:16 api-server:59] [PrivateNet] Block 7202 / 7204
[I 180310 23:50:31 api-server:59] [PrivateNet] Block 7204 / 7205
[I 180310 23:50:46 api-server:59] [PrivateNet] Block 7204 / 7205
[I 180310 23:51:01 api-server:59] [PrivateNet] Block 7204 / 7205
[I 180310 23:51:16 api-server:59] [PrivateNet] Block 7205 / 7206
